<?xml version="1.0"?><coverage lines-covered="340" lines-valid="5403" line-rate="0.06292800296131779" branches-covered="0" branches-valid="0" branch-rate="0" complexity="0" version="1.9" timestamp="1769669855"><sources><source>/Users/wangyue/workspace/codelder/opsbox/backend</source></sources><packages><package name="opsbox-core/src/odfs" line-rate="0" branch-rate="0" complexity="0"><classes><class name="fs" filename="opsbox-core/src/odfs/fs.rs" line-rate="0" branch-rate="0" complexity="0"><methods/><lines><line number="32" hits="0"/><line number="33" hits="0"/></lines></class><class name="manager" filename="opsbox-core/src/odfs/manager.rs" line-rate="0" branch-rate="0" complexity="0"><methods/><lines><line number="20" hits="0"/><line number="21" hits="0"/><line number="26" hits="0"/><line number="28" hits="0"/><line number="29" hits="0"/><line number="34" hits="0"/><line number="35" hits="0"/><line number="36" hits="0"/><line number="39" hits="0"/><line number="40" hits="0"/><line number="43" hits="0"/><line number="44" hits="0"/><line number="47" hits="0"/><line number="48" hits="0"/><line number="49" hits="0"/><line number="50" hits="0"/><line number="51" hits="0"/><line number="52" hits="0"/><line number="54" hits="0"/><line number="60" hits="0"/><line number="63" hits="0"/><line number="64" hits="0"/><line number="66" hits="0"/><line number="67" hits="0"/><line number="69" hits="0"/><line number="70" hits="0"/><line number="71" hits="0"/><line number="75" hits="0"/><line number="76" hits="0"/><line number="77" hits="0"/><line number="82" hits="0"/><line number="85" hits="0"/><line number="90" hits="0"/><line number="91" hits="0"/><line number="95" hits="0"/><line number="96" hits="0"/><line number="97" hits="0"/><line number="98" hits="0"/><line number="105" hits="0"/><line number="106" hits="0"/><line number="107" hits="0"/><line number="108" hits="0"/><line number="111" hits="0"/><line number="117" hits="0"/><line number="120" hits="0"/><line number="123" hits="0"/><line number="124" hits="0"/><line number="125" hits="0"/><line number="128" hits="0"/><line number="129" hits="0"/><line number="130" hits="0"/><line number="133" hits="0"/><line number="134" hits="0"/><line number="135" hits="0"/><line number="140" hits="0"/><line number="143" hits="0"/><line number="144" hits="0"/><line number="146" hits="0"/><line number="147" hits="0"/><line number="149" hits="0"/><line number="150" hits="0"/><line number="152" hits="0"/><line number="156" hits="0"/><line number="157" hits="0"/><line number="159" hits="0"/><line number="164" hits="0"/><line number="166" hits="0"/><line number="169" hits="0"/><line number="172" hits="0"/><line number="173" hits="0"/><line number="174" hits="0"/><line number="175" hits="0"/><line number="177" hits="0"/><line number="180" hits="0"/><line number="183" hits="0"/><line number="184" hits="0"/><line number="185" hits="0"/><line number="186" hits="0"/><line number="187" hits="0"/><line number="189" hits="0"/><line number="190" hits="0"/><line number="191" hits="0"/><line number="194" hits="0"/><line number="196" hits="0"/><line number="199" hits="0"/><line number="200" hits="0"/><line number="203" hits="0"/></lines></class><class name="orl" filename="opsbox-core/src/odfs/orl.rs" line-rate="0" branch-rate="0" complexity="0"><methods/><lines><line number="20" hits="0"/><line number="21" hits="0"/><line number="22" hits="0"/><line number="23" hits="0"/><line number="24" hits="0"/><line number="25" hits="0"/><line number="31" hits="0"/><line number="32" hits="0"/><line number="33" hits="0"/><line number="34" hits="0"/><line number="35" hits="0"/><line number="57" hits="0"/><line number="58" hits="0"/><line number="76" hits="0"/><line number="77" hits="0"/><line number="80" hits="0"/><line number="81" hits="0"/><line number="83" hits="0"/><line number="84" hits="0"/><line number="85" hits="0"/><line number="89" hits="0"/><line number="90" hits="0"/><line number="93" hits="0"/><line number="96" hits="0"/><line number="100" hits="0"/><line number="101" hits="0"/><line number="105" hits="0"/><line number="106" hits="0"/><line number="113" hits="0"/><line number="114" hits="0"/><line number="126" hits="0"/><line number="127" hits="0"/><line number="133" hits="0"/><line number="134" hits="0"/><line number="135" hits="0"/><line number="138" hits="0"/><line number="140" hits="0"/><line number="141" hits="0"/><line number="144" hits="0"/><line number="151" hits="0"/><line number="152" hits="0"/><line number="158" hits="0"/><line number="159" hits="0"/><line number="163" hits="0"/><line number="164" hits="0"/><line number="168" hits="0"/><line number="169" hits="0"/><line number="173" hits="0"/><line number="174" hits="0"/><line number="175" hits="0"/><line number="177" hits="0"/><line number="178" hits="0"/><line number="179" hits="0"/><line number="180" hits="0"/><line number="182" hits="0"/><line number="187" hits="0"/><line number="191" hits="0"/><line number="192" hits="0"/><line number="193" hits="0"/><line number="194" hits="0"/><line number="195" hits="0"/><line number="196" hits="0"/><line number="197" hits="0"/><line number="199" hits="0"/><line number="201" hits="0"/><line number="206" hits="0"/><line number="207" hits="0"/><line number="210" hits="0"/><line number="211" hits="0"/><line number="217" hits="0"/><line number="218" hits="0"/><line number="220" hits="0"/><line number="221" hits="0"/><line number="236" hits="0"/><line number="237" hits="0"/><line number="244" hits="0"/><line number="245" hits="0"/><line number="250" hits="0"/><line number="254" hits="0"/><line number="259" hits="0"/><line number="263" hits="0"/><line number="264" hits="0"/><line number="288" hits="0"/><line number="289" hits="0"/><line number="292" hits="0"/><line number="293" hits="0"/><line number="296" hits="0"/><line number="297" hits="0"/><line number="298" hits="0"/><line number="299" hits="0"/><line number="301" hits="0"/><line number="307" hits="0"/><line number="308" hits="0"/><line number="313" hits="0"/><line number="314" hits="0"/></lines></class><class name="types" filename="opsbox-core/src/odfs/types.rs" line-rate="0" branch-rate="0" complexity="0"><methods/><lines><line number="39" hits="0"/><line number="40" hits="0"/><line number="43" hits="0"/><line number="44" hits="0"/></lines></class></classes></package><package name="logseek/src/service" line-rate="0" branch-rate="0" complexity="0"><classes><class name="encoding" filename="logseek/src/service/encoding.rs" line-rate="0" branch-rate="0" complexity="0"><methods/><lines><line number="8" hits="0"/><line number="10" hits="0"/><line number="11" hits="0"/><line number="12" hits="0"/><line number="14" hits="0"/><line number="15" hits="0"/><line number="19" hits="0"/><line number="20" hits="0"/><line number="22" hits="0"/><line number="26" hits="0"/><line number="27" hits="0"/><line number="29" hits="0"/><line number="30" hits="0"/><line number="36" hits="0"/><line number="39" hits="0"/><line number="40" hits="0"/><line number="42" hits="0"/><line number="43" hits="0"/><line number="44" hits="0"/><line number="54" hits="0"/><line number="59" hits="0"/><line number="60" hits="0"/><line number="61" hits="0"/><line number="62" hits="0"/><line number="63" hits="0"/><line number="68" hits="0"/><line number="69" hits="0"/><line number="71" hits="0"/><line number="73" hits="0"/><line number="74" hits="0"/><line number="77" hits="0"/><line number="82" hits="0"/><line number="83" hits="0"/><line number="84" hits="0"/><line number="85" hits="0"/><line number="86" hits="0"/><line number="87" hits="0"/><line number="89" hits="0"/><line number="92" hits="0"/><line number="95" hits="0"/><line number="100" hits="0"/><line number="102" hits="0"/><line number="103" hits="0"/><line number="104" hits="0"/><line number="105" hits="0"/><line number="106" hits="0"/><line number="107" hits="0"/><line number="109" hits="0"/><line number="114" hits="0"/><line number="115" hits="0"/><line number="117" hits="0"/><line number="118" hits="0"/><line number="120" hits="0"/><line number="123" hits="0"/><line number="124" hits="0"/><line number="127" hits="0"/><line number="128" hits="0"/><line number="129" hits="0"/><line number="130" hits="0"/><line number="131" hits="0"/><line number="132" hits="0"/><line number="133" hits="0"/><line number="135" hits="0"/><line number="138" hits="0"/><line number="139" hits="0"/><line number="140" hits="0"/><line number="141" hits="0"/><line number="142" hits="0"/><line number="143" hits="0"/><line number="144" hits="0"/><line number="146" hits="0"/><line number="151" hits="0"/><line number="152" hits="0"/><line number="153" hits="0"/><line number="154" hits="0"/><line number="155" hits="0"/><line number="159" hits="0"/><line number="162" hits="0"/><line number="167" hits="0"/><line number="169" hits="0"/><line number="170" hits="0"/><line number="172" hits="0"/><line number="174" hits="0"/><line number="176" hits="0"/><line number="177" hits="0"/><line number="178" hits="0"/><line number="179" hits="0"/><line number="180" hits="0"/><line number="182" hits="0"/><line number="185" hits="0"/><line number="186" hits="0"/><line number="187" hits="0"/><line number="190" hits="0"/><line number="193" hits="0"/><line number="198" hits="0"/><line number="199" hits="0"/><line number="201" hits="0"/><line number="202" hits="0"/><line number="203" hits="0"/><line number="204" hits="0"/><line number="205" hits="0"/><line number="207" hits="0"/><line number="210" hits="0"/><line number="213" hits="0"/><line number="214" hits="0"/><line number="215" hits="0"/><line number="219" hits="0"/><line number="227" hits="0"/><line number="235" hits="0"/><line number="244" hits="0"/><line number="248" hits="0"/><line number="252" hits="0"/><line number="253" hits="0"/><line number="254" hits="0"/><line number="255" hits="0"/><line number="257" hits="0"/><line number="258" hits="0"/><line number="259" hits="0"/><line number="260" hits="0"/><line number="262" hits="0"/><line number="263" hits="0"/><line number="264" hits="0"/><line number="268" hits="0"/><line number="269" hits="0"/><line number="270" hits="0"/><line number="274" hits="0"/><line number="275" hits="0"/><line number="276" hits="0"/><line number="277" hits="0"/><line number="278" hits="0"/><line number="279" hits="0"/><line number="280" hits="0"/><line number="281" hits="0"/><line number="282" hits="0"/><line number="283" hits="0"/><line number="284" hits="0"/><line number="285" hits="0"/><line number="288" hits="0"/><line number="289" hits="0"/><line number="290" hits="0"/><line number="291" hits="0"/><line number="292" hits="0"/><line number="296" hits="0"/><line number="297" hits="0"/><line number="298" hits="0"/><line number="302" hits="0"/><line number="303" hits="0"/><line number="304" hits="0"/><line number="305" hits="0"/><line number="307" hits="0"/><line number="310" hits="0"/></lines></class><class name="entry_stream" filename="logseek/src/service/entry_stream.rs" line-rate="0" branch-rate="0" complexity="0"><methods/><lines><line number="20" hits="0"/><line number="22" hits="0"/><line number="23" hits="0"/><line number="57" hits="0"/><line number="58" hits="0"/><line number="59" hits="0"/><line number="62" hits="0"/><line number="65" hits="0"/><line number="71" hits="0"/><line number="88" hits="0"/><line number="91" hits="0"/><line number="92" hits="0"/><line number="99" hits="0"/><line number="100" hits="0"/><line number="101" hits="0"/><line number="105" hits="0"/><line number="106" hits="0"/><line number="107" hits="0"/><line number="111" hits="0"/><line number="112" hits="0"/><line number="113" hits="0"/><line number="117" hits="0"/><line number="118" hits="0"/><line number="119" hits="0"/><line number="123" hits="0"/><line number="128" hits="0"/><line number="129" hits="0"/><line number="130" hits="0"/><line number="131" hits="0"/><line number="135" hits="0"/><line number="136" hits="0"/><line number="137" hits="0"/><line number="140" hits="0"/><line number="141" hits="0"/><line number="143" hits="0"/><line number="148" hits="0"/><line number="151" hits="0"/><line number="155" hits="0"/><line number="156" hits="0"/><line number="157" hits="0"/><line number="162" hits="0"/><line number="164" hits="0"/><line number="168" hits="0"/><line number="169" hits="0"/><line number="170" hits="0"/><line number="171" hits="0"/><line number="172" hits="0"/><line number="173" hits="0"/><line number="178" hits="0"/><line number="179" hits="0"/><line number="183" hits="0"/><line number="186" hits="0"/><line number="187" hits="0"/><line number="188" hits="0"/><line number="189" hits="0"/><line number="190" hits="0"/><line number="191" hits="0"/><line number="197" hits="0"/><line number="200" hits="0"/><line number="203" hits="0"/><line number="209" hits="0"/><line number="210" hits="0"/><line number="211" hits="0"/><line number="217" hits="0"/><line number="218" hits="0"/><line number="219" hits="0"/><line number="220" hits="0"/><line number="225" hits="0"/><line number="231" hits="0"/><line number="232" hits="0"/><line number="235" hits="0"/><line number="237" hits="0"/><line number="245" hits="0"/><line number="246" hits="0"/><line number="247" hits="0"/><line number="248" hits="0"/><line number="249" hits="0"/><line number="251" hits="0"/><line number="253" hits="0"/><line number="254" hits="0"/><line number="255" hits="0"/><line number="257" hits="0"/><line number="258" hits="0"/><line number="259" hits="0"/><line number="260" hits="0"/><line number="261" hits="0"/><line number="262" hits="0"/><line number="263" hits="0"/><line number="264" hits="0"/><line number="265" hits="0"/><line number="267" hits="0"/><line number="270" hits="0"/><line number="276" hits="0"/><line number="278" hits="0"/><line number="279" hits="0"/><line number="281" hits="0"/><line number="283" hits="0"/><line number="288" hits="0"/><line number="298" hits="0"/><line number="299" hits="0"/><line number="300" hits="0"/><line number="301" hits="0"/><line number="305" hits="0"/><line number="306" hits="0"/><line number="307" hits="0"/><line number="308" hits="0"/><line number="309" hits="0"/><line number="310" hits="0"/><line number="311" hits="0"/><line number="312" hits="0"/><line number="313" hits="0"/><line number="315" hits="0"/><line number="317" hits="0"/><line number="320" hits="0"/><line number="322" hits="0"/><line number="323" hits="0"/><line number="324" hits="0"/><line number="325" hits="0"/><line number="326" hits="0"/><line number="327" hits="0"/><line number="328" hits="0"/><line number="330" hits="0"/><line number="335" hits="0"/><line number="340" hits="0"/><line number="341" hits="0"/><line number="342" hits="0"/><line number="343" hits="0"/><line number="344" hits="0"/><line number="346" hits="0"/><line number="347" hits="0"/><line number="348" hits="0"/><line number="349" hits="0"/><line number="350" hits="0"/><line number="351" hits="0"/><line number="352" hits="0"/><line number="353" hits="0"/><line number="354" hits="0"/><line number="356" hits="0"/><line number="359" hits="0"/><line number="368" hits="0"/><line number="372" hits="0"/><line number="380" hits="0"/><line number="386" hits="0"/><line number="387" hits="0"/><line number="388" hits="0"/><line number="389" hits="0"/><line number="390" hits="0"/><line number="392" hits="0"/><line number="393" hits="0"/><line number="394" hits="0"/><line number="396" hits="0"/><line number="399" hits="0"/><line number="401" hits="0"/><line number="402" hits="0"/><line number="403" hits="0"/><line number="411" hits="0"/><line number="415" hits="0"/><line number="418" hits="0"/><line number="421" hits="0"/><line number="423" hits="0"/><line number="424" hits="0"/><line number="425" hits="0"/><line number="426" hits="0"/><line number="434" hits="0"/><line number="446" hits="0"/><line number="447" hits="0"/><line number="458" hits="0"/><line number="469" hits="0"/><line number="470" hits="0"/><line number="471" hits="0"/><line number="473" hits="0"/><line number="474" hits="0"/><line number="478" hits="0"/><line number="481" hits="0"/><line number="482" hits="0"/><line number="483" hits="0"/><line number="486" hits="0"/><line number="487" hits="0"/><line number="490" hits="0"/><line number="491" hits="0"/><line number="494" hits="0"/><line number="495" hits="0"/><line number="498" hits="0"/><line number="501" hits="0"/><line number="502" hits="0"/></lines></class><class name="error" filename="logseek/src/service/error.rs" line-rate="0" branch-rate="0" complexity="0"><methods/><lines><line number="33" hits="0"/><line number="34" hits="0"/></lines></class><class name="nl2q" filename="logseek/src/service/nl2q.rs" line-rate="0" branch-rate="0" complexity="0"><methods/><lines><line number="37" hits="0"/><line number="41" hits="0"/><line number="45" hits="0"/><line number="47" hits="0"/><line number="51" hits="0"/><line number="52" hits="0"/><line number="53" hits="0"/><line number="54" hits="0"/><line number="59" hits="0"/><line number="63" hits="0"/><line number="66" hits="0"/><line number="67" hits="0"/><line number="69" hits="0"/><line number="70" hits="0"/><line number="73" hits="0"/><line number="74" hits="0"/><line number="75" hits="0"/><line number="76" hits="0"/><line number="77" hits="0"/><line number="78" hits="0"/><line number="79" hits="0"/><line number="94" hits="0"/><line number="96" hits="0"/><line number="97" hits="0"/><line number="98" hits="0"/><line number="101" hits="0"/><line number="104" hits="0"/><line number="105" hits="0"/><line number="112" hits="0"/><line number="114" hits="0"/><line number="115" hits="0"/><line number="116" hits="0"/><line number="117" hits="0"/><line number="120" hits="0"/><line number="121" hits="0"/><line number="126" hits="0"/><line number="127" hits="0"/><line number="130" hits="0"/><line number="135" hits="0"/><line number="136" hits="0"/><line number="137" hits="0"/><line number="138" hits="0"/><line number="140" hits="0"/><line number="141" hits="0"/><line number="143" hits="0"/><line number="144" hits="0"/><line number="156" hits="0"/><line number="157" hits="0"/><line number="158" hits="0"/></lines></class><class name="search" filename="logseek/src/service/search.rs" line-rate="0" branch-rate="0" complexity="0"><methods/><lines><line number="33" hits="0"/><line number="35" hits="0"/><line number="36" hits="0"/><line number="77" hits="0"/><line number="86" hits="0"/><line number="102" hits="0"/><line number="103" hits="0"/><line number="110" hits="0"/><line number="111" hits="0"/><line number="112" hits="0"/><line number="114" hits="0"/><line number="129" hits="0"/><line number="139" hits="0"/><line number="141" hits="0"/><line number="142" hits="0"/><line number="143" hits="0"/><line number="144" hits="0"/><line number="145" hits="0"/><line number="147" hits="0"/><line number="149" hits="0"/><line number="150" hits="0"/><line number="151" hits="0"/><line number="152" hits="0"/><line number="153" hits="0"/><line number="156" hits="0"/><line number="157" hits="0"/><line number="158" hits="0"/><line number="159" hits="0"/><line number="161" hits="0"/><line number="163" hits="0"/><line number="164" hits="0"/><line number="165" hits="0"/><line number="166" hits="0"/><line number="167" hits="0"/><line number="170" hits="0"/><line number="173" hits="0"/><line number="174" hits="0"/><line number="175" hits="0"/><line number="176" hits="0"/><line number="178" hits="0"/><line number="182" hits="0"/><line number="184" hits="0"/><line number="185" hits="0"/><line number="189" hits="0"/><line number="190" hits="0"/><line number="191" hits="0"/><line number="196" hits="0"/><line number="199" hits="0"/><line number="204" hits="0"/><line number="209" hits="0"/><line number="217" hits="0"/><line number="222" hits="0"/><line number="233" hits="0"/><line number="234" hits="0"/><line number="235" hits="0"/><line number="236" hits="0"/><line number="237" hits="0"/><line number="239" hits="0"/><line number="240" hits="0"/><line number="242" hits="0"/><line number="246" hits="0"/><line number="247" hits="0"/><line number="252" hits="0"/><line number="267" hits="0"/><line number="275" hits="0"/><line number="279" hits="0"/><line number="286" hits="0"/><line number="314" hits="0"/><line number="317" hits="0"/><line number="319" hits="0"/><line number="320" hits="0"/><line number="321" hits="0"/><line number="326" hits="0"/><line number="338" hits="0"/><line number="358" hits="0"/><line number="361" hits="0"/><line number="371" hits="0"/><line number="379" hits="0"/><line number="380" hits="0"/><line number="381" hits="0"/><line number="383" hits="0"/><line number="384" hits="0"/><line number="386" hits="0"/><line number="406" hits="0"/><line number="413" hits="0"/><line number="425" hits="0"/><line number="429" hits="0"/><line number="437" hits="0"/><line number="438" hits="0"/><line number="439" hits="0"/><line number="440" hits="0"/><line number="441" hits="0"/><line number="442" hits="0"/><line number="445" hits="0"/><line number="448" hits="0"/><line number="451" hits="0"/><line number="470" hits="0"/><line number="473" hits="0"/><line number="474" hits="0"/><line number="475" hits="0"/><line number="503" hits="0"/><line number="506" hits="0"/><line number="508" hits="0"/><line number="513" hits="0"/><line number="521" hits="0"/><line number="522" hits="0"/><line number="523" hits="0"/><line number="524" hits="0"/><line number="541" hits="0"/><line number="546" hits="0"/><line number="547" hits="0"/><line number="552" hits="0"/><line number="554" hits="0"/><line number="555" hits="0"/><line number="556" hits="0"/><line number="558" hits="0"/><line number="559" hits="0"/><line number="563" hits="0"/><line number="564" hits="0"/><line number="566" hits="0"/><line number="570" hits="0"/><line number="571" hits="0"/><line number="573" hits="0"/><line number="574" hits="0"/><line number="582" hits="0"/><line number="585" hits="0"/><line number="587" hits="0"/><line number="591" hits="0"/><line number="593" hits="0"/><line number="594" hits="0"/><line number="595" hits="0"/><line number="597" hits="0"/><line number="599" hits="0"/><line number="607" hits="0"/><line number="611" hits="0"/><line number="616" hits="0"/><line number="617" hits="0"/><line number="618" hits="0"/><line number="619" hits="0"/><line number="620" hits="0"/><line number="625" hits="0"/><line number="630" hits="0"/><line number="633" hits="0"/><line number="634" hits="0"/><line number="635" hits="0"/><line number="637" hits="0"/><line number="638" hits="0"/><line number="640" hits="0"/><line number="641" hits="0"/><line number="642" hits="0"/><line number="643" hits="0"/><line number="645" hits="0"/><line number="648" hits="0"/><line number="649" hits="0"/><line number="655" hits="0"/><line number="656" hits="0"/><line number="659" hits="0"/><line number="660" hits="0"/><line number="662" hits="0"/><line number="666" hits="0"/><line number="667" hits="0"/><line number="671" hits="0"/><line number="672" hits="0"/><line number="673" hits="0"/><line number="674" hits="0"/><line number="675" hits="0"/><line number="676" hits="0"/><line number="677" hits="0"/><line number="679" hits="0"/><line number="683" hits="0"/><line number="684" hits="0"/><line number="685" hits="0"/><line number="687" hits="0"/><line number="688" hits="0"/><line number="690" hits="0"/><line number="691" hits="0"/><line number="694" hits="0"/><line number="699" hits="0"/><line number="700" hits="0"/><line number="701" hits="0"/><line number="703" hits="0"/><line number="704" hits="0"/><line number="708" hits="0"/><line number="712" hits="0"/><line number="713" hits="0"/><line number="716" hits="0"/><line number="718" hits="0"/><line number="719" hits="0"/><line number="723" hits="0"/><line number="728" hits="0"/><line number="729" hits="0"/><line number="730" hits="0"/><line number="731" hits="0"/><line number="732" hits="0"/><line number="735" hits="0"/><line number="736" hits="0"/><line number="740" hits="0"/><line number="744" hits="0"/><line number="749" hits="0"/><line number="752" hits="0"/><line number="753" hits="0"/><line number="755" hits="0"/><line number="757" hits="0"/><line number="760" hits="0"/><line number="761" hits="0"/><line number="762" hits="0"/><line number="763" hits="0"/><line number="764" hits="0"/><line number="766" hits="0"/><line number="770" hits="0"/><line number="771" hits="0"/><line number="772" hits="0"/><line number="775" hits="0"/><line number="779" hits="0"/><line number="784" hits="0"/><line number="787" hits="0"/><line number="790" hits="0"/><line number="791" hits="0"/><line number="792" hits="0"/><line number="793" hits="0"/><line number="794" hits="0"/><line number="796" hits="0"/><line number="799" hits="0"/><line number="802" hits="0"/><line number="803" hits="0"/><line number="804" hits="0"/><line number="810" hits="0"/><line number="816" hits="0"/><line number="822" hits="0"/><line number="828" hits="0"/><line number="833" hits="0"/><line number="846" hits="0"/><line number="852" hits="0"/><line number="853" hits="0"/><line number="854" hits="0"/><line number="855" hits="0"/><line number="859" hits="0"/><line number="860" hits="0"/><line number="861" hits="0"/><line number="862" hits="0"/><line number="865" hits="0"/><line number="866" hits="0"/><line number="867" hits="0"/><line number="868" hits="0"/><line number="870" hits="0"/><line number="871" hits="0"/><line number="872" hits="0"/><line number="876" hits="0"/><line number="877" hits="0"/><line number="879" hits="0"/><line number="880" hits="0"/><line number="884" hits="0"/><line number="885" hits="0"/><line number="888" hits="0"/><line number="889" hits="0"/><line number="890" hits="0"/><line number="891" hits="0"/><line number="895" hits="0"/><line number="897" hits="0"/><line number="899" hits="0"/><line number="900" hits="0"/><line number="902" hits="0"/><line number="904" hits="0"/><line number="907" hits="0"/><line number="908" hits="0"/><line number="909" hits="0"/><line number="910" hits="0"/><line number="913" hits="0"/><line number="914" hits="0"/><line number="917" hits="0"/><line number="920" hits="0"/><line number="923" hits="0"/><line number="925" hits="0"/><line number="927" hits="0"/><line number="928" hits="0"/><line number="929" hits="0"/><line number="930" hits="0"/><line number="931" hits="0"/><line number="932" hits="0"/><line number="933" hits="0"/><line number="934" hits="0"/><line number="935" hits="0"/><line number="936" hits="0"/><line number="937" hits="0"/><line number="940" hits="0"/><line number="941" hits="0"/><line number="942" hits="0"/><line number="943" hits="0"/><line number="945" hits="0"/><line number="946" hits="0"/><line number="948" hits="0"/><line number="949" hits="0"/><line number="950" hits="0"/><line number="951" hits="0"/><line number="952" hits="0"/><line number="959" hits="0"/><line number="960" hits="0"/><line number="961" hits="0"/><line number="962" hits="0"/><line number="963" hits="0"/><line number="969" hits="0"/><line number="971" hits="0"/><line number="972" hits="0"/><line number="974" hits="0"/><line number="977" hits="0"/><line number="981" hits="0"/><line number="983" hits="0"/><line number="984" hits="0"/><line number="987" hits="0"/><line number="990" hits="0"/><line number="991" hits="0"/><line number="992" hits="0"/><line number="993" hits="0"/><line number="995" hits="0"/><line number="996" hits="0"/><line number="998" hits="0"/><line number="1000" hits="0"/><line number="1001" hits="0"/><line number="1002" hits="0"/><line number="1003" hits="0"/><line number="1004" hits="0"/><line number="1008" hits="0"/><line number="1009" hits="0"/><line number="1010" hits="0"/><line number="1011" hits="0"/><line number="1014" hits="0"/><line number="1015" hits="0"/><line number="1020" hits="0"/><line number="1021" hits="0"/><line number="1022" hits="0"/><line number="1023" hits="0"/><line number="1026" hits="0"/><line number="1027" hits="0"/><line number="1028" hits="0"/><line number="1031" hits="0"/><line number="1033" hits="0"/><line number="1034" hits="0"/><line number="1035" hits="0"/><line number="1036" hits="0"/><line number="1037" hits="0"/><line number="1040" hits="0"/><line number="1041" hits="0"/><line number="1042" hits="0"/><line number="1043" hits="0"/><line number="1044" hits="0"/><line number="1046" hits="0"/><line number="1047" hits="0"/><line number="1049" hits="0"/><line number="1051" hits="0"/><line number="1054" hits="0"/><line number="1088" hits="0"/><line number="1095" hits="0"/><line number="1099" hits="0"/><line number="1100" hits="0"/><line number="1101" hits="0"/><line number="1104" hits="0"/><line number="1105" hits="0"/><line number="1106" hits="0"/></lines></class><class name="search_executor" filename="logseek/src/service/search_executor.rs" line-rate="0" branch-rate="0" complexity="0"><methods/><lines><line number="19" hits="0"/><line number="37" hits="0"/><line number="48" hits="0"/><line number="53" hits="0"/><line number="55" hits="0"/><line number="56" hits="0"/><line number="58" hits="0"/><line number="59" hits="0"/><line number="60" hits="0"/><line number="62" hits="0"/><line number="63" hits="0"/><line number="65" hits="0"/><line number="73" hits="0"/><line number="74" hits="0"/><line number="75" hits="0"/><line number="77" hits="0"/><line number="78" hits="0"/><line number="79" hits="0"/><line number="80" hits="0"/><line number="82" hits="0"/><line number="84" hits="0"/><line number="85" hits="0"/><line number="89" hits="0"/><line number="90" hits="0"/><line number="92" hits="0"/><line number="94" hits="0"/><line number="97" hits="0"/><line number="100" hits="0"/><line number="103" hits="0"/><line number="105" hits="0"/><line number="106" hits="0"/><line number="107" hits="0"/><line number="108" hits="0"/><line number="109" hits="0"/><line number="112" hits="0"/><line number="116" hits="0"/><line number="119" hits="0"/><line number="121" hits="0"/><line number="122" hits="0"/><line number="123" hits="0"/><line number="127" hits="0"/><line number="128" hits="0"/><line number="129" hits="0"/><line number="130" hits="0"/><line number="132" hits="0"/><line number="133" hits="0"/><line number="134" hits="0"/><line number="137" hits="0"/><line number="138" hits="0"/><line number="139" hits="0"/><line number="140" hits="0"/><line number="143" hits="0"/><line number="144" hits="0"/><line number="156" hits="0"/><line number="157" hits="0"/><line number="166" hits="0"/><line number="167" hits="0"/><line number="168" hits="0"/><line number="169" hits="0"/><line number="170" hits="0"/><line number="171" hits="0"/><line number="173" hits="0"/><line number="174" hits="0"/><line number="175" hits="0"/><line number="176" hits="0"/><line number="177" hits="0"/><line number="180" hits="0"/><line number="182" hits="0"/><line number="183" hits="0"/><line number="184" hits="0"/><line number="197" hits="0"/><line number="204" hits="0"/><line number="206" hits="0"/><line number="207" hits="0"/><line number="210" hits="0"/><line number="211" hits="0"/><line number="212" hits="0"/><line number="217" hits="0"/><line number="226" hits="0"/><line number="227" hits="0"/><line number="229" hits="0"/><line number="237" hits="0"/><line number="238" hits="0"/><line number="250" hits="0"/><line number="251" hits="0"/><line number="252" hits="0"/><line number="253" hits="0"/><line number="261" hits="0"/><line number="262" hits="0"/><line number="263" hits="0"/><line number="264" hits="0"/><line number="265" hits="0"/><line number="266" hits="0"/><line number="267" hits="0"/><line number="272" hits="0"/></lines></class><class name="searchable" filename="logseek/src/service/searchable.rs" line-rate="0" branch-rate="0" complexity="0"><methods/><lines><line number="32" hits="0"/><line number="33" hits="0"/><line number="36" hits="0"/><line number="37" hits="0"/><line number="38" hits="0"/><line number="40" hits="0"/><line number="41" hits="0"/><line number="44" hits="0"/><line number="50" hits="0"/><line number="51" hits="0"/><line number="52" hits="0"/><line number="54" hits="0"/><line number="55" hits="0"/><line number="58" hits="0"/><line number="63" hits="0"/><line number="77" hits="0"/><line number="78" hits="0"/><line number="106" hits="0"/><line number="113" hits="0"/><line number="115" hits="0"/><line number="118" hits="0"/><line number="120" hits="0"/><line number="121" hits="0"/><line number="122" hits="0"/><line number="123" hits="0"/><line number="131" hits="0"/><line number="143" hits="0"/><line number="212" hits="0"/><line number="227" hits="0"/><line number="233" hits="0"/><line number="245" hits="0"/><line number="283" hits="0"/><line number="293" hits="0"/><line number="294" hits="0"/><line number="295" hits="0"/><line number="300" hits="0"/><line number="301" hits="0"/><line number="304" hits="0"/><line number="306" hits="0"/><line number="316" hits="0"/><line number="322" hits="0"/><line number="323" hits="0"/><line number="325" hits="0"/><line number="329" hits="0"/><line number="330" hits="0"/><line number="336" hits="0"/><line number="337" hits="0"/><line number="344" hits="0"/><line number="346" hits="0"/></lines></class></classes></package><package name="opsbox-core/src/storage" line-rate="0" branch-rate="0" complexity="0"><classes><class name="s3" filename="opsbox-core/src/storage/s3.rs" line-rate="0" branch-rate="0" complexity="0"><methods/><lines><line number="45" hits="0"/><line number="47" hits="0"/><line number="48" hits="0"/><line number="54" hits="0"/><line number="57" hits="0"/><line number="58" hits="0"/><line number="60" hits="0"/><line number="61" hits="0"/><line number="64" hits="0"/><line number="68" hits="0"/><line number="69" hits="0"/><line number="71" hits="0"/><line number="75" hits="0"/><line number="80" hits="0"/><line number="81" hits="0"/><line number="84" hits="0"/><line number="86" hits="0"/><line number="87" hits="0"/><line number="89" hits="0"/><line number="90" hits="0"/><line number="92" hits="0"/><line number="93" hits="0"/><line number="94" hits="0"/><line number="100" hits="0"/><line number="101" hits="0"/><line number="106" hits="0"/><line number="107" hits="0"/><line number="108" hits="0"/><line number="109" hits="0"/><line number="110" hits="0"/><line number="111" hits="0"/><line number="114" hits="0"/><line number="117" hits="0"/><line number="118" hits="0"/><line number="119" hits="0"/><line number="122" hits="0"/><line number="123" hits="0"/><line number="125" hits="0"/><line number="127" hits="0"/><line number="128" hits="0"/><line number="131" hits="0"/><line number="138" hits="0"/><line number="143" hits="0"/><line number="146" hits="0"/><line number="147" hits="0"/><line number="149" hits="0"/><line number="150" hits="0"/><line number="151" hits="0"/><line number="155" hits="0"/><line number="156" hits="0"/><line number="157" hits="0"/><line number="158" hits="0"/><line number="163" hits="0"/><line number="164" hits="0"/><line number="167" hits="0"/><line number="170" hits="0"/><line number="171" hits="0"/><line number="173" hits="0"/><line number="174" hits="0"/><line number="175" hits="0"/><line number="176" hits="0"/><line number="180" hits="0"/><line number="181" hits="0"/><line number="182" hits="0"/><line number="184" hits="0"/><line number="185" hits="0"/><line number="187" hits="0"/><line number="188" hits="0"/><line number="190" hits="0"/><line number="191" hits="0"/><line number="193" hits="0"/><line number="194" hits="0"/><line number="196" hits="0"/><line number="198" hits="0"/><line number="199" hits="0"/><line number="200" hits="0"/><line number="205" hits="0"/><line number="206" hits="0"/><line number="208" hits="0"/><line number="226" hits="0"/><line number="239" hits="0"/><line number="240" hits="0"/><line number="241" hits="0"/><line number="242" hits="0"/><line number="246" hits="0"/><line number="248" hits="0"/><line number="251" hits="0"/><line number="253" hits="0"/><line number="257" hits="0"/><line number="258" hits="0"/><line number="259" hits="0"/><line number="260" hits="0"/><line number="261" hits="0"/><line number="263" hits="0"/><line number="264" hits="0"/><line number="266" hits="0"/><line number="267" hits="0"/><line number="268" hits="0"/><line number="269" hits="0"/><line number="270" hits="0"/><line number="271" hits="0"/><line number="273" hits="0"/><line number="274" hits="0"/><line number="275" hits="0"/><line number="276" hits="0"/><line number="281" hits="0"/><line number="284" hits="0"/><line number="285" hits="0"/><line number="286" hits="0"/><line number="287" hits="0"/><line number="289" hits="0"/><line number="290" hits="0"/><line number="291" hits="0"/><line number="292" hits="0"/><line number="294" hits="0"/><line number="295" hits="0"/><line number="296" hits="0"/><line number="297" hits="0"/><line number="298" hits="0"/><line number="300" hits="0"/><line number="302" hits="0"/><line number="303" hits="0"/><line number="304" hits="0"/><line number="305" hits="0"/><line number="306" hits="0"/><line number="307" hits="0"/><line number="308" hits="0"/><line number="311" hits="0"/><line number="312" hits="0"/><line number="313" hits="0"/><line number="314" hits="0"/><line number="315" hits="0"/><line number="317" hits="0"/><line number="326" hits="0"/><line number="327" hits="0"/><line number="328" hits="0"/><line number="329" hits="0"/><line number="333" hits="0"/><line number="335" hits="0"/><line number="336" hits="0"/><line number="337" hits="0"/><line number="338" hits="0"/><line number="339" hits="0"/><line number="340" hits="0"/><line number="341" hits="0"/><line number="345" hits="0"/><line number="349" hits="0"/><line number="350" hits="0"/><line number="352" hits="0"/><line number="353" hits="0"/><line number="354" hits="0"/><line number="357" hits="0"/><line number="358" hits="0"/><line number="361" hits="0"/><line number="362" hits="0"/><line number="366" hits="0"/><line number="367" hits="0"/><line number="370" hits="0"/><line number="371" hits="0"/><line number="372" hits="0"/><line number="373" hits="0"/><line number="374" hits="0"/><line number="376" hits="0"/><line number="377" hits="0"/><line number="378" hits="0"/><line number="379" hits="0"/><line number="384" hits="0"/><line number="385" hits="0"/><line number="386" hits="0"/><line number="387" hits="0"/><line number="389" hits="0"/><line number="390" hits="0"/><line number="391" hits="0"/><line number="393" hits="0"/><line number="400" hits="0"/><line number="401" hits="0"/><line number="403" hits="0"/><line number="407" hits="0"/><line number="409" hits="0"/><line number="410" hits="0"/><line number="411" hits="0"/><line number="412" hits="0"/><line number="413" hits="0"/><line number="414" hits="0"/><line number="418" hits="0"/><line number="420" hits="0"/><line number="421" hits="0"/><line number="422" hits="0"/><line number="423" hits="0"/><line number="425" hits="0"/><line number="429" hits="0"/><line number="430" hits="0"/><line number="433" hits="0"/><line number="435" hits="0"/><line number="438" hits="0"/><line number="440" hits="0"/><line number="441" hits="0"/><line number="442" hits="0"/><line number="443" hits="0"/><line number="444" hits="0"/><line number="445" hits="0"/><line number="446" hits="0"/><line number="447" hits="0"/><line number="448" hits="0"/><line number="449" hits="0"/><line number="450" hits="0"/><line number="451" hits="0"/><line number="452" hits="0"/><line number="457" hits="0"/><line number="459" hits="0"/><line number="461" hits="0"/><line number="462" hits="0"/><line number="463" hits="0"/><line number="464" hits="0"/><line number="465" hits="0"/><line number="466" hits="0"/><line number="470" hits="0"/><line number="471" hits="0"/></lines></class></classes></package><package name="logseek/src/service/search" line-rate="0" branch-rate="0" complexity="0"><classes><class name="sink" filename="logseek/src/service/search/sink.rs" line-rate="0" branch-rate="0" complexity="0"><methods/><lines><line number="42" hits="0"/><line number="62" hits="0"/><line number="63" hits="0"/><line number="66" hits="0"/><line number="68" hits="0"/><line number="69" hits="0"/><line number="70" hits="0"/><line number="72" hits="0"/><line number="73" hits="0"/><line number="75" hits="0"/><line number="80" hits="0"/><line number="81" hits="0"/><line number="82" hits="0"/><line number="85" hits="0"/><line number="88" hits="0"/><line number="90" hits="0"/><line number="93" hits="0"/><line number="94" hits="0"/><line number="97" hits="0"/><line number="98" hits="0"/><line number="101" hits="0"/><line number="106" hits="0"/></lines></class></classes></package><package name="opsbox-core/src/agent" line-rate="0" branch-rate="0" complexity="0"><classes><class name="client" filename="opsbox-core/src/agent/client.rs" line-rate="0" branch-rate="0" complexity="0"><methods/><lines><line number="41" hits="0"/><line number="43" hits="0"/><line number="44" hits="0"/><line number="46" hits="0"/><line number="49" hits="0"/><line number="54" hits="0"/><line number="64" hits="0"/><line number="65" hits="0"/><line number="66" hits="0"/><line number="67" hits="0"/><line number="68" hits="0"/><line number="69" hits="0"/><line number="70" hits="0"/><line number="73" hits="0"/><line number="74" hits="0"/><line number="80" hits="0"/><line number="81" hits="0"/><line number="85" hits="0"/><line number="86" hits="0"/><line number="89" hits="0"/><line number="90" hits="0"/><line number="91" hits="0"/><line number="92" hits="0"/><line number="94" hits="0"/><line number="95" hits="0"/><line number="97" hits="0"/><line number="98" hits="0"/><line number="99" hits="0"/><line number="100" hits="0"/><line number="104" hits="0"/><line number="106" hits="0"/><line number="107" hits="0"/><line number="111" hits="0"/><line number="116" hits="0"/><line number="117" hits="0"/><line number="118" hits="0"/><line number="119" hits="0"/><line number="120" hits="0"/><line number="121" hits="0"/><line number="123" hits="0"/><line number="124" hits="0"/><line number="126" hits="0"/><line number="127" hits="0"/><line number="128" hits="0"/><line number="129" hits="0"/><line number="133" hits="0"/><line number="135" hits="0"/><line number="136" hits="0"/><line number="140" hits="0"/><line number="145" hits="0"/><line number="146" hits="0"/><line number="147" hits="0"/><line number="148" hits="0"/><line number="149" hits="0"/><line number="150" hits="0"/><line number="152" hits="0"/><line number="153" hits="0"/><line number="155" hits="0"/><line number="156" hits="0"/><line number="157" hits="0"/><line number="158" hits="0"/><line number="162" hits="0"/><line number="164" hits="0"/><line number="165" hits="0"/><line number="169" hits="0"/><line number="170" hits="0"/><line number="171" hits="0"/><line number="172" hits="0"/><line number="173" hits="0"/><line number="174" hits="0"/><line number="176" hits="0"/><line number="177" hits="0"/><line number="179" hits="0"/><line number="180" hits="0"/><line number="181" hits="0"/><line number="182" hits="0"/><line number="186" hits="0"/><line number="190" hits="0"/><line number="195" hits="0"/><line number="196" hits="0"/><line number="197" hits="0"/><line number="198" hits="0"/><line number="199" hits="0"/><line number="200" hits="0"/><line number="202" hits="0"/><line number="203" hits="0"/><line number="205" hits="0"/><line number="206" hits="0"/><line number="207" hits="0"/><line number="208" hits="0"/><line number="212" hits="0"/></lines></class><class name="models" filename="opsbox-core/src/agent/models.rs" line-rate="0" branch-rate="0" complexity="0"><methods/><lines><line number="16" hits="0"/><line number="21" hits="0"/><line number="22" hits="0"/><line number="28" hits="0"/><line number="34" hits="0"/><line number="35" hits="0"/><line number="82" hits="0"/><line number="83" hits="0"/><line number="84" hits="0"/><line number="85" hits="0"/><line number="86" hits="0"/><line number="93" hits="0"/><line number="94" hits="0"/><line number="95" hits="0"/><line number="99" hits="0"/><line number="100" hits="0"/><line number="104" hits="0"/><line number="105" hits="0"/><line number="109" hits="0"/><line number="110" hits="0"/><line number="114" hits="0"/><line number="115" hits="0"/><line number="116" hits="0"/><line number="118" hits="0"/><line number="119" hits="0"/><line number="123" hits="0"/><line number="124" hits="0"/><line number="125" hits="0"/><line number="126" hits="0"/><line number="131" hits="0"/><line number="132" hits="0"/><line number="136" hits="0"/><line number="137" hits="0"/></lines></class></classes></package><package name="opsbox-core/src/fs" line-rate="0" branch-rate="0" complexity="0"><classes><class name="entry_stream" filename="opsbox-core/src/fs/entry_stream.rs" line-rate="0" branch-rate="0" complexity="0"><methods/><lines><line number="49" hits="0"/><line number="50" hits="0"/><line number="53" hits="0"/><line number="55" hits="0"/><line number="56" hits="0"/><line number="60" hits="0"/><line number="62" hits="0"/><line number="63" hits="0"/><line number="64" hits="0"/><line number="65" hits="0"/><line number="67" hits="0"/><line number="68" hits="0"/><line number="69" hits="0"/><line number="73" hits="0"/><line number="77" hits="0"/><line number="82" hits="0"/><line number="83" hits="0"/><line number="84" hits="0"/><line number="85" hits="0"/><line number="98" hits="0"/><line number="102" hits="0"/><line number="109" hits="0"/><line number="145" hits="0"/><line number="146" hits="0"/><line number="147" hits="0"/><line number="148" hits="0"/><line number="149" hits="0"/><line number="150" hits="0"/><line number="151" hits="0"/><line number="152" hits="0"/><line number="153" hits="0"/><line number="154" hits="0"/><line number="161" hits="0"/><line number="162" hits="0"/><line number="163" hits="0"/><line number="164" hits="0"/><line number="165" hits="0"/><line number="166" hits="0"/><line number="167" hits="0"/><line number="168" hits="0"/><line number="169" hits="0"/><line number="185" hits="0"/><line number="186" hits="0"/><line number="187" hits="0"/><line number="188" hits="0"/><line number="191" hits="0"/><line number="192" hits="0"/><line number="193" hits="0"/><line number="194" hits="0"/><line number="195" hits="0"/><line number="197" hits="0"/><line number="199" hits="0"/><line number="200" hits="0"/><line number="202" hits="0"/><line number="204" hits="0"/><line number="208" hits="0"/><line number="215" hits="0"/><line number="217" hits="0"/><line number="218" hits="0"/><line number="219" hits="0"/><line number="220" hits="0"/><line number="221" hits="0"/><line number="222" hits="0"/><line number="223" hits="0"/><line number="225" hits="0"/><line number="227" hits="0"/><line number="235" hits="0"/><line number="238" hits="0"/><line number="239" hits="0"/><line number="240" hits="0"/><line number="242" hits="0"/><line number="243" hits="0"/><line number="244" hits="0"/><line number="247" hits="0"/><line number="248" hits="0"/><line number="249" hits="0"/><line number="250" hits="0"/><line number="254" hits="0"/><line number="259" hits="0"/><line number="261" hits="0"/><line number="262" hits="0"/><line number="264" hits="0"/><line number="265" hits="0"/><line number="266" hits="0"/><line number="267" hits="0"/><line number="268" hits="0"/><line number="269" hits="0"/><line number="270" hits="0"/><line number="274" hits="0"/><line number="275" hits="0"/><line number="276" hits="0"/><line number="277" hits="0"/><line number="278" hits="0"/><line number="279" hits="0"/><line number="283" hits="0"/><line number="285" hits="0"/><line number="300" hits="0"/><line number="301" hits="0"/><line number="302" hits="0"/><line number="303" hits="0"/><line number="304" hits="0"/><line number="305" hits="0"/><line number="306" hits="0"/><line number="307" hits="0"/><line number="308" hits="0"/><line number="309" hits="0"/><line number="316" hits="0"/><line number="319" hits="0"/><line number="320" hits="0"/><line number="321" hits="0"/><line number="323" hits="0"/><line number="324" hits="0"/><line number="325" hits="0"/><line number="328" hits="0"/><line number="329" hits="0"/><line number="330" hits="0"/><line number="331" hits="0"/><line number="332" hits="0"/><line number="335" hits="0"/><line number="340" hits="0"/><line number="342" hits="0"/><line number="343" hits="0"/><line number="344" hits="0"/><line number="345" hits="0"/><line number="346" hits="0"/><line number="347" hits="0"/><line number="348" hits="0"/><line number="349" hits="0"/><line number="350" hits="0"/><line number="352" hits="0"/><line number="353" hits="0"/><line number="354" hits="0"/><line number="355" hits="0"/><line number="356" hits="0"/><line number="357" hits="0"/><line number="361" hits="0"/><line number="363" hits="0"/><line number="376" hits="0"/><line number="383" hits="0"/><line number="412" hits="0"/><line number="413" hits="0"/><line number="415" hits="0"/><line number="425" hits="0"/><line number="426" hits="0"/><line number="427" hits="0"/><line number="429" hits="0"/><line number="430" hits="0"/><line number="432" hits="0"/><line number="433" hits="0"/><line number="438" hits="0"/><line number="440" hits="0"/><line number="455" hits="0"/><line number="461" hits="0"/><line number="462" hits="0"/><line number="463" hits="0"/><line number="464" hits="0"/><line number="465" hits="0"/><line number="466" hits="0"/><line number="467" hits="0"/><line number="468" hits="0"/><line number="471" hits="0"/><line number="473" hits="0"/><line number="474" hits="0"/><line number="475" hits="0"/><line number="476" hits="0"/><line number="477" hits="0"/><line number="478" hits="0"/><line number="480" hits="0"/><line number="482" hits="0"/><line number="483" hits="0"/><line number="484" hits="0"/><line number="485" hits="0"/><line number="486" hits="0"/><line number="487" hits="0"/><line number="489" hits="0"/><line number="491" hits="0"/><line number="492" hits="0"/><line number="493" hits="0"/><line number="494" hits="0"/><line number="495" hits="0"/><line number="496" hits="0"/><line number="498" hits="0"/><line number="499" hits="0"/><line number="500" hits="0"/><line number="502" hits="0"/><line number="508" hits="0"/><line number="509" hits="0"/><line number="510" hits="0"/><line number="511" hits="0"/><line number="512" hits="0"/><line number="513" hits="0"/><line number="516" hits="0"/><line number="517" hits="0"/><line number="518" hits="0"/><line number="520" hits="0"/><line number="521" hits="0"/><line number="522" hits="0"/><line number="524" hits="0"/><line number="527" hits="0"/><line number="532" hits="0"/><line number="535" hits="0"/><line number="536" hits="0"/><line number="540" hits="0"/><line number="541" hits="0"/><line number="542" hits="0"/><line number="543" hits="0"/><line number="544" hits="0"/><line number="549" hits="0"/><line number="550" hits="0"/><line number="551" hits="0"/><line number="554" hits="0"/><line number="555" hits="0"/><line number="556" hits="0"/><line number="558" hits="0"/><line number="564" hits="0"/><line number="568" hits="0"/><line number="570" hits="0"/><line number="580" hits="0"/><line number="581" hits="0"/><line number="585" hits="0"/><line number="586" hits="0"/><line number="589" hits="0"/><line number="594" hits="0"/><line number="597" hits="0"/><line number="611" hits="0"/><line number="616" hits="0"/><line number="617" hits="0"/><line number="629" hits="0"/><line number="630" hits="0"/><line number="638" hits="0"/><line number="639" hits="0"/><line number="642" hits="0"/><line number="643" hits="0"/><line number="646" hits="0"/><line number="647" hits="0"/><line number="650" hits="0"/><line number="652" hits="0"/><line number="656" hits="0"/><line number="658" hits="0"/><line number="665" hits="0"/><line number="670" hits="0"/><line number="671" hits="0"/><line number="672" hits="0"/><line number="673" hits="0"/><line number="674" hits="0"/><line number="675" hits="0"/><line number="676" hits="0"/><line number="679" hits="0"/></lines></class><class name="file_type" filename="opsbox-core/src/fs/file_type.rs" line-rate="0" branch-rate="0" complexity="0"><methods/><lines><line number="15" hits="0"/><line number="16" hits="0"/><line number="17" hits="0"/><line number="18" hits="0"/><line number="19" hits="0"/><line number="20" hits="0"/><line number="21" hits="0"/><line number="22" hits="0"/><line number="23" hits="0"/><line number="28" hits="0"/><line number="29" hits="0"/><line number="33" hits="0"/><line number="34" hits="0"/><line number="35" hits="0"/><line number="36" hits="0"/><line number="41" hits="0"/><line number="42" hits="0"/><line number="43" hits="0"/><line number="44" hits="0"/><line number="53" hits="0"/><line number="54" hits="0"/><line number="57" hits="0"/><line number="58" hits="0"/><line number="59" hits="0"/><line number="60" hits="0"/><line number="61" hits="0"/><line number="62" hits="0"/><line number="73" hits="0"/><line number="74" hits="0"/><line number="75" hits="0"/><line number="79" hits="0"/><line number="86" hits="0"/><line number="87" hits="0"/><line number="89" hits="0"/><line number="99" hits="0"/><line number="100" hits="0"/><line number="101" hits="0"/><line number="111" hits="0"/><line number="112" hits="0"/><line number="118" hits="0"/><line number="119" hits="0"/><line number="120" hits="0"/></lines></class><class name="list" filename="opsbox-core/src/fs/list.rs" line-rate="0" branch-rate="0" complexity="0"><methods/><lines><line number="18" hits="0"/><line number="19" hits="0"/><line number="20" hits="0"/><line number="21" hits="0"/><line number="23" hits="0"/><line number="24" hits="0"/><line number="25" hits="0"/><line number="26" hits="0"/><line number="27" hits="0"/><line number="30" hits="0"/><line number="31" hits="0"/><line number="32" hits="0"/><line number="33" hits="0"/><line number="34" hits="0"/><line number="35" hits="0"/><line number="36" hits="0"/><line number="38" hits="0"/><line number="43" hits="0"/><line number="44" hits="0"/><line number="45" hits="0"/><line number="49" hits="0"/><line number="50" hits="0"/><line number="51" hits="0"/><line number="54" hits="0"/><line number="55" hits="0"/><line number="57" hits="0"/><line number="58" hits="0"/><line number="59" hits="0"/><line number="60" hits="0"/><line number="61" hits="0"/><line number="62" hits="0"/><line number="63" hits="0"/><line number="64" hits="0"/><line number="67" hits="0"/><line number="69" hits="0"/><line number="72" hits="0"/><line number="75" hits="0"/><line number="76" hits="0"/><line number="77" hits="0"/><line number="79" hits="0"/><line number="80" hits="0"/><line number="81" hits="0"/><line number="82" hits="0"/><line number="84" hits="0"/><line number="87" hits="0"/><line number="90" hits="0"/><line number="91" hits="0"/><line number="92" hits="0"/><line number="93" hits="0"/><line number="94" hits="0"/><line number="95" hits="0"/><line number="96" hits="0"/><line number="97" hits="0"/><line number="98" hits="0"/><line number="99" hits="0"/><line number="104" hits="0"/><line number="105" hits="0"/><line number="106" hits="0"/><line number="107" hits="0"/><line number="108" hits="0"/><line number="110" hits="0"/><line number="114" hits="0"/></lines></class></classes></package><package name="opsbox-core/src/odfs/providers/archive" line-rate="0" branch-rate="0" complexity="0"><classes><class name="cache" filename="opsbox-core/src/odfs/providers/archive/cache.rs" line-rate="0" branch-rate="0" complexity="0"><methods/><lines><line number="17" hits="0"/><line number="18" hits="0"/><line number="20" hits="0"/><line number="24" hits="0"/><line number="36" hits="0"/><line number="37" hits="0"/><line number="38" hits="0"/><line number="43" hits="0"/><line number="46" hits="0"/><line number="47" hits="0"/><line number="48" hits="0"/><line number="50" hits="0"/><line number="54" hits="0"/><line number="55" hits="0"/><line number="57" hits="0"/><line number="58" hits="0"/><line number="61" hits="0"/><line number="62" hits="0"/><line number="63" hits="0"/><line number="64" hits="0"/><line number="66" hits="0"/><line number="71" hits="0"/><line number="72" hits="0"/><line number="75" hits="0"/></lines></class><class name="tar" filename="opsbox-core/src/odfs/providers/archive/tar.rs" line-rate="0" branch-rate="0" complexity="0"><methods/><lines><line number="20" hits="0"/><line number="21" hits="0"/><line number="22" hits="0"/><line number="26" hits="0"/><line number="27" hits="0"/><line number="35" hits="0"/><line number="36" hits="0"/><line number="39" hits="0"/><line number="76" hits="0"/><line number="152" hits="0"/></lines></class><class name="zip" filename="opsbox-core/src/odfs/providers/archive/zip.rs" line-rate="0" branch-rate="0" complexity="0"><methods/><lines><line number="20" hits="0"/><line number="21" hits="0"/><line number="22" hits="0"/><line number="26" hits="0"/><line number="27" hits="0"/><line number="31" hits="0"/><line number="37" hits="0"/><line number="38" hits="0"/><line number="41" hits="0"/><line number="49" hits="0"/><line number="73" hits="0"/><line number="93" hits="0"/><line number="115" hits="0"/><line number="175" hits="0"/><line number="183" hits="0"/><line number="202" hits="0"/><line number="208" hits="0"/></lines></class></classes></package><package name="opsbox-core/src/repository" line-rate="0" branch-rate="0" complexity="0"><classes><class name="s3" filename="opsbox-core/src/repository/s3.rs" line-rate="0" branch-rate="0" complexity="0"><methods/><lines><line number="24" hits="0"/><line number="25" hits="0"/><line number="26" hits="0"/><line number="28" hits="0"/><line number="30" hits="0"/><line number="35" hits="0"/><line number="36" hits="0"/><line number="37" hits="0"/><line number="38" hits="0"/><line number="40" hits="0"/><line number="41" hits="0"/><line number="42" hits="0"/><line number="43" hits="0"/><line number="44" hits="0"/><line number="49" hits="0"/><line number="53" hits="0"/><line number="54" hits="0"/><line number="55" hits="0"/><line number="58" hits="0"/><line number="59" hits="0"/><line number="60" hits="0"/><line number="61" hits="0"/><line number="62" hits="0"/><line number="63" hits="0"/><line number="64" hits="0"/><line number="66" hits="0"/></lines></class></classes></package><package name="logseek/src/repository" line-rate="0.11411992263056092" branch-rate="0" complexity="0"><classes><class name="cache" filename="logseek/src/repository/cache.rs" line-rate="0" branch-rate="0" complexity="0"><methods/><lines><line number="21" hits="0"/><line number="23" hits="0"/><line number="24" hits="0"/><line number="25" hits="0"/><line number="27" hits="0"/><line number="31" hits="0"/><line number="40" hits="0"/><line number="41" hits="0"/><line number="44" hits="0"/><line number="45" hits="0"/><line number="46" hits="0"/><line number="51" hits="0"/><line number="55" hits="0"/><line number="58" hits="0"/><line number="59" hits="0"/><line number="62" hits="0"/><line number="63" hits="0"/><line number="75" hits="0"/><line number="76" hits="0"/><line number="77" hits="0"/><line number="79" hits="0"/><line number="80" hits="0"/><line number="83" hits="0"/><line number="84" hits="0"/><line number="98" hits="0"/><line number="99" hits="0"/><line number="100" hits="0"/><line number="101" hits="0"/><line number="102" hits="0"/><line number="103" hits="0"/><line number="108" hits="0"/><line number="109" hits="0"/><line number="113" hits="0"/><line number="114" hits="0"/><line number="117" hits="0"/><line number="118" hits="0"/><line number="120" hits="0"/><line number="121" hits="0"/><line number="122" hits="0"/><line number="123" hits="0"/><line number="125" hits="0"/><line number="126" hits="0"/><line number="127" hits="0"/><line number="128" hits="0"/><line number="129" hits="0"/><line number="130" hits="0"/><line number="133" hits="0"/><line number="134" hits="0"/><line number="137" hits="0"/><line number="138" hits="0"/><line number="141" hits="0"/><line number="149" hits="0"/><line number="156" hits="0"/><line number="157" hits="0"/><line number="158" hits="0"/><line number="175" hits="0"/><line number="176" hits="0"/><line number="177" hits="0"/><line number="185" hits="0"/><line number="186" hits="0"/><line number="187" hits="0"/><line number="191" hits="0"/><line number="192" hits="0"/><line number="193" hits="0"/><line number="202" hits="0"/><line number="203" hits="0"/><line number="204" hits="0"/><line number="206" hits="0"/><line number="208" hits="0"/><line number="209" hits="0"/><line number="214" hits="0"/><line number="217" hits="0"/><line number="218" hits="0"/><line number="219" hits="0"/><line number="221" hits="0"/><line number="222" hits="0"/><line number="223" hits="0"/><line number="224" hits="0"/><line number="227" hits="0"/><line number="229" hits="0"/><line number="230" hits="0"/><line number="233" hits="0"/><line number="237" hits="0"/><line number="238" hits="0"/><line number="241" hits="0"/><line number="248" hits="0"/><line number="249" hits="0"/><line number="251" hits="0"/><line number="253" hits="0"/><line number="254" hits="0"/><line number="255" hits="0"/><line number="260" hits="0"/><line number="263" hits="0"/><line number="273" hits="0"/><line number="277" hits="0"/><line number="278" hits="0"/><line number="279" hits="0"/><line number="280" hits="0"/><line number="285" hits="0"/><line number="286" hits="0"/><line number="287" hits="0"/><line number="289" hits="0"/><line number="291" hits="0"/><line number="292" hits="0"/><line number="293" hits="0"/><line number="301" hits="0"/><line number="305" hits="0"/><line number="306" hits="0"/></lines></class><class name="error" filename="logseek/src/repository/error.rs" line-rate="0" branch-rate="0" complexity="0"><methods/><lines><line number="29" hits="0"/><line number="30" hits="0"/></lines></class><class name="llm" filename="logseek/src/repository/llm.rs" line-rate="0.12322274881516587" branch-rate="0" complexity="0"><methods/><lines><line number="17" hits="0"/><line number="18" hits="0"/><line number="19" hits="0"/><line number="20" hits="0"/><line number="24" hits="0"/><line number="25" hits="0"/><line number="26" hits="0"/><line number="27" hits="0"/><line number="28" hits="0"/><line number="67" hits="0"/><line number="69" hits="0"/><line number="70" hits="0"/><line number="71" hits="0"/><line number="72" hits="0"/><line number="73" hits="0"/><line number="74" hits="0"/><line number="80" hits="6"/><line number="81" hits="6"/><line number="82" hits="3"/><line number="83" hits="3"/><line number="84" hits="3"/><line number="85" hits="3"/><line number="86" hits="3"/><line number="87" hits="3"/><line number="88" hits="3"/><line number="89" hits="3"/><line number="90" hits="3"/><line number="91" hits="3"/><line number="92" hits="3"/><line number="94" hits="3"/><line number="96" hits="6"/><line number="97" hits="3"/><line number="98" hits="3"/><line number="99" hits="3"/><line number="101" hits="3"/><line number="102" hits="3"/><line number="104" hits="12"/><line number="105" hits="3"/><line number="106" hits="3"/><line number="107" hits="3"/><line number="109" hits="3"/><line number="110" hits="3"/><line number="113" hits="0"/><line number="114" hits="0"/><line number="115" hits="0"/><line number="116" hits="0"/><line number="117" hits="0"/><line number="121" hits="0"/><line number="125" hits="0"/><line number="126" hits="0"/><line number="127" hits="0"/><line number="132" hits="0"/><line number="133" hits="0"/><line number="140" hits="0"/><line number="148" hits="0"/><line number="152" hits="0"/><line number="153" hits="0"/><line number="154" hits="0"/><line number="155" hits="0"/><line number="159" hits="0"/><line number="160" hits="0"/><line number="161" hits="0"/><line number="162" hits="0"/><line number="163" hits="0"/><line number="164" hits="0"/><line number="165" hits="0"/><line number="166" hits="0"/><line number="172" hits="0"/><line number="173" hits="0"/><line number="174" hits="0"/><line number="175" hits="0"/><line number="176" hits="0"/><line number="177" hits="0"/><line number="178" hits="0"/><line number="183" hits="0"/><line number="189" hits="0"/><line number="190" hits="0"/><line number="191" hits="0"/><line number="192" hits="0"/><line number="193" hits="0"/><line number="194" hits="0"/><line number="195" hits="0"/><line number="196" hits="0"/><line number="197" hits="0"/><line number="198" hits="0"/><line number="199" hits="0"/><line number="200" hits="0"/><line number="217" hits="0"/><line number="238" hits="0"/><line number="241" hits="0"/><line number="245" hits="0"/><line number="247" hits="0"/><line number="248" hits="0"/><line number="251" hits="0"/><line number="255" hits="0"/><line number="257" hits="0"/><line number="261" hits="0"/><line number="262" hits="0"/><line number="264" hits="0"/><line number="265" hits="0"/><line number="269" hits="0"/><line number="270" hits="0"/><line number="273" hits="0"/><line number="274" hits="0"/><line number="278" hits="0"/><line number="279" hits="0"/><line number="280" hits="0"/><line number="281" hits="0"/><line number="282" hits="0"/><line number="287" hits="0"/><line number="289" hits="0"/><line number="290" hits="0"/><line number="292" hits="0"/><line number="293" hits="0"/><line number="295" hits="0"/><line number="302" hits="0"/><line number="305" hits="0"/><line number="306" hits="0"/><line number="307" hits="0"/><line number="308" hits="0"/><line number="309" hits="0"/><line number="314" hits="0"/><line number="315" hits="0"/><line number="316" hits="0"/><line number="318" hits="0"/><line number="319" hits="0"/><line number="321" hits="0"/><line number="329" hits="0"/><line number="334" hits="0"/><line number="338" hits="0"/><line number="348" hits="0"/><line number="349" hits="0"/><line number="351" hits="0"/><line number="353" hits="0"/><line number="355" hits="0"/><line number="359" hits="0"/><line number="361" hits="0"/><line number="362" hits="0"/><line number="363" hits="0"/><line number="364" hits="0"/><line number="365" hits="0"/><line number="368" hits="0"/><line number="370" hits="0"/><line number="371" hits="0"/><line number="376" hits="0"/><line number="391" hits="0"/><line number="393" hits="0"/><line number="394" hits="0"/><line number="396" hits="0"/><line number="398" hits="0"/><line number="399" hits="0"/><line number="400" hits="0"/><line number="402" hits="0"/><line number="404" hits="0"/><line number="406" hits="0"/><line number="409" hits="0"/><line number="412" hits="0"/><line number="416" hits="0"/><line number="419" hits="0"/><line number="421" hits="0"/><line number="422" hits="0"/><line number="423" hits="0"/><line number="424" hits="0"/><line number="425" hits="0"/><line number="426" hits="0"/><line number="430" hits="0"/><line number="432" hits="0"/><line number="433" hits="0"/><line number="438" hits="0"/><line number="439" hits="0"/><line number="440" hits="0"/><line number="441" hits="0"/><line number="443" hits="0"/><line number="445" hits="0"/><line number="446" hits="0"/><line number="448" hits="0"/><line number="461" hits="0"/><line number="468" hits="0"/><line number="469" hits="0"/><line number="471" hits="0"/><line number="478" hits="0"/><line number="479" hits="0"/><line number="480" hits="0"/><line number="482" hits="0"/><line number="484" hits="0"/><line number="495" hits="0"/><line number="500" hits="0"/><line number="502" hits="0"/><line number="503" hits="0"/><line number="504" hits="0"/><line number="505" hits="0"/><line number="506" hits="0"/><line number="509" hits="0"/><line number="513" hits="0"/><line number="520" hits="0"/><line number="521" hits="0"/><line number="523" hits="0"/><line number="525" hits="0"/><line number="527" hits="0"/><line number="528" hits="0"/><line number="530" hits="0"/><line number="543" hits="0"/><line number="546" hits="0"/><line number="550" hits="0"/><line number="553" hits="0"/><line number="555" hits="0"/><line number="556" hits="0"/><line number="557" hits="0"/><line number="558" hits="0"/><line number="559" hits="0"/><line number="562" hits="0"/></lines></class><class name="planners" filename="logseek/src/repository/planners.rs" line-rate="0.2638888888888889" branch-rate="0" complexity="0"><methods/><lines><line number="22" hits="6"/><line number="23" hits="6"/><line number="24" hits="3"/><line number="25" hits="3"/><line number="26" hits="3"/><line number="27" hits="3"/><line number="29" hits="3"/><line number="30" hits="6"/><line number="31" hits="3"/><line number="32" hits="3"/><line number="33" hits="3"/><line number="35" hits="3"/><line number="36" hits="3"/><line number="37" hits="12"/><line number="38" hits="3"/><line number="39" hits="3"/><line number="40" hits="3"/><line number="42" hits="3"/><line number="43" hits="3"/><line number="47" hits="0"/><line number="48" hits="0"/><line number="49" hits="0"/><line number="50" hits="0"/><line number="51" hits="0"/><line number="56" hits="0"/><line number="57" hits="0"/><line number="58" hits="0"/><line number="59" hits="0"/><line number="60" hits="0"/><line number="61" hits="0"/><line number="62" hits="0"/><line number="66" hits="0"/><line number="67" hits="0"/><line number="68" hits="0"/><line number="69" hits="0"/><line number="70" hits="0"/><line number="71" hits="0"/><line number="72" hits="0"/><line number="74" hits="0"/><line number="75" hits="0"/><line number="76" hits="0"/><line number="81" hits="0"/><line number="82" hits="0"/><line number="83" hits="0"/><line number="84" hits="0"/><line number="85" hits="0"/><line number="86" hits="0"/><line number="91" hits="0"/><line number="92" hits="0"/><line number="93" hits="0"/><line number="94" hits="0"/><line number="95" hits="0"/><line number="99" hits="0"/><line number="105" hits="0"/><line number="107" hits="0"/><line number="108" hits="0"/><line number="111" hits="0"/><line number="115" hits="0"/><line number="116" hits="0"/><line number="120" hits="0"/><line number="121" hits="0"/><line number="123" hits="0"/><line number="124" hits="0"/><line number="128" hits="0"/><line number="129" hits="0"/><line number="132" hits="0"/><line number="133" hits="0"/><line number="137" hits="0"/><line number="138" hits="0"/><line number="139" hits="0"/><line number="140" hits="0"/><line number="141" hits="0"/></lines></class><class name="s3" filename="logseek/src/repository/s3.rs" line-rate="0.11290322580645161" branch-rate="0" complexity="0"><methods/><lines><line number="15" hits="6"/><line number="17" hits="6"/><line number="18" hits="3"/><line number="19" hits="3"/><line number="20" hits="3"/><line number="21" hits="3"/><line number="22" hits="3"/><line number="23" hits="3"/><line number="24" hits="3"/><line number="26" hits="3"/><line number="28" hits="12"/><line number="29" hits="3"/><line number="30" hits="3"/><line number="32" hits="3"/><line number="35" hits="0"/><line number="36" hits="0"/><line number="37" hits="0"/><line number="38" hits="0"/><line number="39" hits="0"/><line number="42" hits="0"/><line number="43" hits="0"/><line number="47" hits="0"/><line number="48" hits="0"/><line number="49" hits="0"/><line number="53" hits="0"/><line number="54" hits="0"/><line number="55" hits="0"/><line number="56" hits="0"/><line number="59" hits="0"/><line number="60" hits="0"/><line number="66" hits="0"/><line number="67" hits="0"/><line number="68" hits="0"/><line number="69" hits="0"/><line number="70" hits="0"/><line number="73" hits="0"/><line number="74" hits="0"/><line number="75" hits="0"/><line number="76" hits="0"/><line number="77" hits="0"/><line number="83" hits="0"/><line number="84" hits="0"/><line number="85" hits="0"/><line number="86" hits="0"/><line number="87" hits="0"/><line number="88" hits="0"/><line number="89" hits="0"/><line number="101" hits="0"/><line number="104" hits="0"/><line number="108" hits="0"/><line number="109" hits="0"/><line number="111" hits="0"/><line number="113" hits="0"/><line number="114" hits="0"/><line number="117" hits="0"/><line number="118" hits="0"/><line number="119" hits="0"/><line number="122" hits="0"/><line number="123" hits="0"/><line number="124" hits="0"/><line number="125" hits="0"/><line number="126" hits="0"/><line number="129" hits="0"/><line number="130" hits="0"/><line number="131" hits="0"/><line number="132" hits="0"/><line number="133" hits="0"/><line number="134" hits="0"/><line number="136" hits="0"/><line number="137" hits="0"/><line number="138" hits="0"/><line number="141" hits="0"/><line number="142" hits="0"/><line number="143" hits="0"/><line number="147" hits="0"/><line number="148" hits="0"/><line number="149" hits="0"/><line number="151" hits="0"/><line number="152" hits="0"/><line number="153" hits="0"/><line number="155" hits="0"/><line number="156" hits="0"/><line number="157" hits="0"/><line number="159" hits="0"/><line number="160" hits="0"/><line number="161" hits="0"/><line number="163" hits="0"/><line number="164" hits="0"/><line number="165" hits="0"/><line number="175" hits="0"/><line number="176" hits="0"/><line number="177" hits="0"/><line number="178" hits="0"/><line number="182" hits="0"/><line number="183" hits="0"/><line number="184" hits="0"/><line number="185" hits="0"/><line number="186" hits="0"/><line number="190" hits="0"/><line number="191" hits="0"/><line number="192" hits="0"/><line number="196" hits="0"/><line number="197" hits="0"/><line number="198" hits="0"/><line number="199" hits="0"/><line number="202" hits="0"/><line number="209" hits="0"/><line number="210" hits="0"/><line number="211" hits="0"/><line number="212" hits="0"/><line number="213" hits="0"/><line number="214" hits="0"/><line number="215" hits="0"/><line number="216" hits="0"/><line number="218" hits="0"/><line number="233" hits="0"/><line number="235" hits="0"/><line number="238" hits="0"/><line number="242" hits="0"/><line number="243" hits="0"/><line number="246" hits="0"/><line number="247" hits="0"/><line number="254" hits="0"/><line number="256" hits="0"/></lines></class></classes></package><package name="agent-manager/tests" line-rate="0" branch-rate="0" complexity="0"><classes></classes></package><package name="test-common/src" line-rate="0.28277356446370533" branch-rate="0" complexity="0"><classes><class name="agent_mock" filename="test-common/src/agent_mock.rs" line-rate="0" branch-rate="0" complexity="0"><methods/><lines><line number="28" hits="0"/><line number="30" hits="0"/><line number="32" hits="0"/><line number="34" hits="0"/><line number="51" hits="0"/><line number="52" hits="0"/><line number="54" hits="0"/><line number="57" hits="0"/><line number="58" hits="0"/><line number="59" hits="0"/><line number="60" hits="0"/><line number="61" hits="0"/><line number="62" hits="0"/><line number="63" hits="0"/><line number="64" hits="0"/><line number="65" hits="0"/><line number="73" hits="0"/><line number="74" hits="0"/><line number="75" hits="0"/><line number="81" hits="0"/><line number="82" hits="0"/><line number="83" hits="0"/><line number="90" hits="0"/><line number="92" hits="0"/><line number="93" hits="0"/><line number="94" hits="0"/><line number="95" hits="0"/><line number="100" hits="0"/><line number="101" hits="0"/><line number="102" hits="0"/><line number="103" hits="0"/><line number="104" hits="0"/><line number="105" hits="0"/><line number="106" hits="0"/><line number="107" hits="0"/><line number="112" hits="0"/><line number="113" hits="0"/><line number="115" hits="0"/><line number="116" hits="0"/><line number="118" hits="0"/><line number="119" hits="0"/><line number="120" hits="0"/><line number="121" hits="0"/><line number="125" hits="0"/><line number="127" hits="0"/><line number="128" hits="0"/><line number="129" hits="0"/><line number="130" hits="0"/><line number="135" hits="0"/><line number="136" hits="0"/><line number="140" hits="0"/><line number="141" hits="0"/><line number="145" hits="0"/><line number="146" hits="0"/><line number="150" hits="0"/><line number="151" hits="0"/><line number="154" hits="0"/><line number="155" hits="0"/><line number="156" hits="0"/><line number="157" hits="0"/><line number="163" hits="0"/><line number="169" hits="0"/><line number="173" hits="0"/><line number="176" hits="0"/><line number="177" hits="0"/><line number="178" hits="0"/><line number="182" hits="0"/><line number="186" hits="0"/><line number="190" hits="0"/><line number="191" hits="0"/><line number="192" hits="0"/><line number="193" hits="0"/><line number="194" hits="0"/><line number="198" hits="0"/><line number="199" hits="0"/></lines></class><class name="archive_utils" filename="test-common/src/archive_utils.rs" line-rate="0" branch-rate="0" complexity="0"><methods/><lines><line number="26" hits="0"/><line number="27" hits="0"/><line number="28" hits="0"/><line number="29" hits="0"/><line number="30" hits="0"/><line number="35" hits="0"/><line number="36" hits="0"/><line number="40" hits="0"/><line number="41" hits="0"/><line number="44" hits="0"/><line number="45" hits="0"/><line number="46" hits="0"/><line number="47" hits="0"/><line number="51" hits="0"/><line number="52" hits="0"/><line number="54" hits="0"/><line number="55" hits="0"/><line number="56" hits="0"/><line number="59" hits="0"/><line number="60" hits="0"/><line number="61" hits="0"/><line number="64" hits="0"/><line number="67" hits="0"/><line number="68" hits="0"/><line number="69" hits="0"/><line number="70" hits="0"/><line number="74" hits="0"/><line number="75" hits="0"/><line number="76" hits="0"/><line number="79" hits="0"/><line number="85" hits="0"/><line number="86" hits="0"/><line number="87" hits="0"/><line number="88" hits="0"/><line number="91" hits="0"/><line number="92" hits="0"/><line number="93" hits="0"/><line number="97" hits="0"/><line number="98" hits="0"/><line number="101" hits="0"/><line number="102" hits="0"/><line number="103" hits="0"/><line number="104" hits="0"/><line number="111" hits="0"/><line number="112" hits="0"/><line number="113" hits="0"/><line number="115" hits="0"/><line number="116" hits="0"/><line number="117" hits="0"/><line number="120" hits="0"/><line number="121" hits="0"/><line number="122" hits="0"/><line number="126" hits="0"/><line number="127" hits="0"/><line number="130" hits="0"/><line number="131" hits="0"/><line number="134" hits="0"/><line number="135" hits="0"/><line number="138" hits="0"/><line number="139" hits="0"/><line number="142" hits="0"/><line number="143" hits="0"/><line number="144" hits="0"/><line number="147" hits="0"/><line number="148" hits="0"/><line number="149" hits="0"/><line number="151" hits="0"/><line number="152" hits="0"/><line number="153" hits="0"/><line number="155" hits="0"/><line number="156" hits="0"/><line number="159" hits="0"/><line number="160" hits="0"/><line number="161" hits="0"/><line number="163" hits="0"/><line number="164" hits="0"/><line number="168" hits="0"/><line number="174" hits="0"/><line number="175" hits="0"/><line number="176" hits="0"/><line number="177" hits="0"/><line number="182" hits="0"/><line number="187" hits="0"/><line number="189" hits="0"/><line number="190" hits="0"/><line number="192" hits="0"/><line number="193" hits="0"/><line number="194" hits="0"/><line number="196" hits="0"/><line number="197" hits="0"/><line number="198" hits="0"/><line number="200" hits="0"/><line number="203" hits="0"/><line number="204" hits="0"/><line number="205" hits="0"/><line number="206" hits="0"/><line number="210" hits="0"/><line number="215" hits="0"/><line number="218" hits="0"/><line number="224" hits="0"/><line number="225" hits="0"/><line number="226" hits="0"/><line number="227" hits="0"/><line number="228" hits="0"/><line number="231" hits="0"/><line number="232" hits="0"/><line number="233" hits="0"/><line number="237" hits="0"/><line number="242" hits="0"/><line number="247" hits="0"/><line number="248" hits="0"/><line number="249" hits="0"/><line number="251" hits="0"/><line number="252" hits="0"/><line number="253" hits="0"/><line number="256" hits="0"/><line number="257" hits="0"/><line number="258" hits="0"/><line number="262" hits="0"/><line number="264" hits="0"/><line nu
[...]
mber="296" hits="0"/></lines></class></classes></package><package name="opsbox-server/src" line-rate="0" branch-rate="0" complexity="0"><classes><class name="daemon_windows" filename="opsbox-server/src/daemon_windows.rs" line-rate="0" branch-rate="0" complexity="0"><methods/><lines><line number="52" hits="0"/><line number="53" hits="0"/><line number="55" hits="0"/><line number="59" hits="0"/><line number="60" hits="0"/><line number="61" hits="0"/><line number="62" hits="0"/><line number="64" hits="0"/><line number="65" hits="0"/><line number="67" hits="0"/><line number="69" hits="0"/><line number="70" hits="0"/><line number="71" hits="0"/><line number="75" hits="0"/><line number="78" hits="0"/><line number="79" hits="0"/><line number="80" hits="0"/><line number="81" hits="0"/><line number="82" hits="0"/><line number="83" hits="0"/><line number="84" hits="0"/><line number="85" hits="0"/><line number="88" hits="0"/><line number="91" hits="0"/><line number="92" hits="0"/><line number="93" hits="0"/><line number="97" hits="0"/><line number="98" hits="0"/><line number="99" hits="0"/><line number="100" hits="0"/><line number="101" hits="0"/><line number="102" hits="0"/><line number="103" hits="0"/><line number="105" hits="0"/><line number="106" hits="0"/><line number="107" hits="0"/><line number="108" hits="0"/><line number="109" hits="0"/><line number="110" hits="0"/><line number="111" hits="0"/><line number="112" hits="0"/><line number="115" hits="0"/><line number="121" hits="0"/><line number="122" hits="0"/><line number="123" hits="0"/><line number="125" hits="0"/><line number="126" hits="0"/><line number="128" hits="0"/><line number="130" hits="0"/><line number="131" hits="0"/><line number="133" hits="0"/><line number="134" hits="0"/><line number="135" hits="0"/><line number="136" hits="0"/><line number="137" hits="0"/><line number="138" hits="0"/><line number="139" hits="0"/><line number="140" hits="0"/><line number="142" hits="0"/><line number="146" hits="0"/><line number="148" hits="0"/><line number="149" hits="0"/><line number="150" hits="0"/><line number="151" hits="0"/><line number="152" hits="0"/><line number="153" hits="0"/><line number="154" hits="0"/><line number="155" hits="0"/><line number="156" hits="0"/><line number="157" hits="0"/><line number="159" hits="0"/><line number="161" hits="0"/><line number="162" hits="0"/><line number="163" hits="0"/><line number="164" hits="0"/><line number="165" hits="0"/><line number="166" hits="0"/><line number="167" hits="0"/><line number="168" hits="0"/><line number="169" hits="0"/><line number="171" hits="0"/><line number="175" hits="0"/><line number="176" hits="0"/><line number="177" hits="0"/><line number="178" hits="0"/><line number="179" hits="0"/><line number="180" hits="0"/><line number="182" hits="0"/><line number="186" hits="0"/><line number="187" hits="0"/><line number="188" hits="0"/><line number="189" hits="0"/><line number="190" hits="0"/><line number="191" hits="0"/><line number="192" hits="0"/><line number="193" hits="0"/><line number="194" hits="0"/><line number="195" hits="0"/><line number="196" hits="0"/><line number="201" hits="0"/><line number="202" hits="0"/><line number="204" hits="0"/><line number="205" hits="0"/><line number="206" hits="0"/><line number="207" hits="0"/><line number="208" hits="0"/><line number="209" hits="0"/><line number="210" hits="0"/><line number="211" hits="0"/><line number="213" hits="0"/><line number="214" hits="0"/><line number="217" hits="0"/><line number="218" hits="0"/><line number="220" hits="0"/><line number="221" hits="0"/><line number="222" hits="0"/><line number="223" hits="0"/><line number="224" hits="0"/><line number="225" hits="0"/><line number="226" hits="0"/><line number="227" hits="0"/><line number="229" hits="0"/><line number="232" hits="0"/><line number="236" hits="0"/><line number="237" hits="0"/><line number="238" hits="0"/><line number="241" hits="0"/><line number="244" hits="0"/><line number="245" hits="0"/><line number="246" hits="0"/><line number="247" hits="0"/><line number="248" hits="0"/><line number="249" hits="0"/><line number="250" hits="0"/><line number="251" hits="0"/><line number="255" hits="0"/><line number="258" hits="0"/><line number="259" hits="0"/><line number="260" hits="0"/><line number="261" hits="0"/><line number="264" hits="0"/><line number="265" hits="0"/><line number="269" hits="0"/><line number="270" hits="0"/><line number="271" hits="0"/><line number="272" hits="0"/><line number="273" hits="0"/><line number="274" hits="0"/><line number="275" hits="0"/><line number="276" hits="0"/><line number="279" hits="0"/><line number="280" hits="0"/></lines></class></classes></package><package name="agent-manager/src" line-rate="0" branch-rate="0" complexity="0"><classes><class name="lib" filename="agent-manager/src/lib.rs" line-rate="0" branch-rate="0" complexity="0"><methods/><lines><line number="26" hits="0"/><line number="27" hits="0"/><line number="30" hits="0"/><line number="31" hits="0"/><line number="34" hits="0"/><line number="35" hits="0"/><line number="38" hits="0"/><line number="53" hits="0"/><line number="55" hits="0"/><line number="56" hits="0"/><line number="60" hits="0"/><line number="63" hits="0"/><line number="64" hits="0"/><line number="69" hits="0"/><line number="70" hits="0"/><line number="73" hits="0"/><line number="74" hits="0"/><line number="79" hits="0"/><line number="80" hits="0"/></lines></class><class name="manager" filename="agent-manager/src/manager.rs" line-rate="0" branch-rate="0" complexity="0"><methods/><lines><line number="25" hits="0"/><line number="26" hits="0"/><line number="29" hits="0"/><line number="31" hits="0"/><line number="32" hits="0"/><line number="35" hits="0"/><line number="36" hits="0"/><line number="46" hits="0"/><line number="47" hits="0"/><line number="51" hits="0"/><line number="53" hits="0"/><line number="55" hits="0"/><line number="56" hits="0"/><line number="60" hits="0"/><line number="64" hits="0"/><line number="65" hits="0"/><line number="66" hits="0"/><line number="67" hits="0"/><line number="68" hits="0"/><line number="70" hits="0"/><line number="74" hits="0"/><line number="76" hits="0"/><line number="77" hits="0"/><line number="78" hits="0"/><line number="79" hits="0"/><line number="80" hits="0"/><line number="83" hits="0"/><line number="90" hits="0"/><line number="92" hits="0"/><line number="97" hits="0"/><line number="99" hits="0"/><line number="100" hits="0"/><line number="101" hits="0"/><line number="102" hits="0"/><line number="103" hits="0"/><line number="107" hits="0"/><line number="112" hits="0"/><line number="113" hits="0"/><line number="115" hits="0"/><line number="119" hits="0"/><line number="120" hits="0"/><line number="121" hits="0"/><line number="122" hits="0"/><line number="123" hits="0"/><line number="124" hits="0"/><line number="126" hits="0"/><line number="131" hits="0"/><line number="132" hits="0"/><line number="133" hits="0"/><line number="134" hits="0"/><line number="135" hits="0"/><line number="136" hits="0"/><line number="138" hits="0"/><line number="143" hits="0"/><line number="144" hits="0"/><line number="145" hits="0"/><line number="146" hits="0"/><line number="147" hits="0"/><line number="148" hits="0"/><line number="150" hits="0"/><line number="155" hits="0"/><line number="156" hits="0"/><line number="157" hits="0"/><line number="158" hits="0"/><line number="159" hits="0"/><line number="160" hits="0"/><line number="162" hits="0"/><line number="167" hits="0"/><line number="169" hits="0"/><line number="170" hits="0"/><line number="174" hits="0"/><line number="175" hits="0"/><line number="177" hits="0"/><line number="181" hits="0"/><line number="182" hits="0"/><line number="183" hits="0"/><line number="184" hits="0"/><line number="185" hits="0"/><line number="186" hits="0"/><line number="189" hits="0"/><line number="193" hits="0"/><line number="194" hits="0"/><line number="195" hits="0"/><line number="197" hits="0"/><line number="198" hits="0"/><line number="200" hits="0"/><line number="204" hits="0"/><line number="205" hits="0"/><line number="206" hits="0"/><line number="208" hits="0"/><line number="210" hits="0"/><line number="213" hits="0"/><line number="214" hits="0"/><line number="215" hits="0"/><line number="218" hits="0"/><line number="222" hits="0"/><line number="223" hits="0"/><line number="224" hits="0"/><line number="225" hits="0"/><line number="226" hits="0"/><line number="227" hits="0"/><line number="229" hits="0"/><line number="233" hits="0"/><line number="234" hits="0"/><line number="237" hits="0"/><line number="242" hits="0"/><line number="252" hits="0"/><line number="262" hits="0"/><line number="263" hits="0"/><line number="264" hits="0"/><line number="266" hits="0"/><line number="267" hits="0"/><line number="272" hits="0"/></lines></class><class name="models" filename="agent-manager/src/models.rs" line-rate="0" branch-rate="0" complexity="0"><methods/><lines><line number="16" hits="0"/><line number="21" hits="0"/><line number="22" hits="0"/><line number="28" hits="0"/><line number="34" hits="0"/><line number="35" hits="0"/><line number="82" hits="0"/><line number="83" hits="0"/><line number="84" hits="0"/><line number="85" hits="0"/><line number="86" hits="0"/><line number="116" hits="0"/><line number="117" hits="0"/><line number="118" hits="0"/><line number="122" hits="0"/><line number="123" hits="0"/><line number="125" hits="0"/><line number="126" hits="0"/><line number="127" hits="0"/><line number="128" hits="0"/><line number="129" hits="0"/><line number="133" hits="0"/><line number="137" hits="0"/><line number="138" hits="0"/><line number="142" hits="0"/><line number="143" hits="0"/><line number="147" hits="0"/><line number="148" hits="0"/><line number="152" hits="0"/><line number="153" hits="0"/><line number="154" hits="0"/><line number="156" hits="0"/><line number="157" hits="0"/><line number="161" hits="0"/><line number="162" hits="0"/><line number="163" hits="0"/><line number="164" hits="0"/><line number="169" hits="0"/><line number="170" hits="0"/><line number="174" hits="0"/><line number="175" hits="0"/><line number="179" hits="0"/><line number="180" hits="0"/><line number="181" hits="0"/><line number="182" hits="0"/></lines></class><class name="repository" filename="agent-manager/src/repository.rs" line-rate="0" branch-rate="0" complexity="0"><methods/><lines><line number="18" hits="0"/><line number="23" hits="0"/><line number="40" hits="0"/><line number="41" hits="0"/><line number="58" hits="0"/><line number="61" hits="0"/><line number="63" hits="0"/><line number="65" hits="0"/><line number="67" hits="0"/><line number="69" hits="0"/><line number="71" hits="0"/><line number="73" hits="0"/><line number="75" hits="0"/><line number="77" hits="0"/><line number="79" hits="0"/><line number="81" hits="0"/><line number="83" hits="0"/><line number="85" hits="0"/><line number="87" hits="0"/><line number="89" hits="0"/><line number="93" hits="0"/><line number="94" hits="0"/><line number="95" hits="0"/><line number="122" hits="0"/><line number="125" hits="0"/><line number="126" hits="0"/><line number="129" hits="0"/><line number="133" hits="0"/><line number="141" hits="0"/><line number="142" hits="0"/><line number="143" hits="0"/><line number="145" hits="0"/><line number="146" hits="0"/><line number="147" hits="0"/><line number="150" hits="0"/><line number="151" hits="0"/><line number="152" hits="0"/><line number="155" hits="0"/><line number="168" hits="0"/><line number="173" hits="0"/><line number="181" hits="0"/><line number="182" hits="0"/><line number="185" hits="0"/><line number="186" hits="0"/><line number="187" hits="0"/><line number="190" hits="0"/><line number="191" hits="0"/><line number="192" hits="0"/><line number="195" hits="0"/><line number="209" hits="0"/><line number="213" hits="0"/><line number="249" hits="0"/><line number="250" hits="0"/><line number="251" hits="0"/><line number="258" hits="0"/><line number="278" hits="0"/><line number="282" hits="0"/><line number="285" hits="0"/><line number="286" hits="0"/><line number="287" hits="0"/><line number="290" hits="0"/><line number="291" hits="0"/><line number="292" hits="0"/><line number="295" hits="0"/><line number="309" hits="0"/><line number="313" hits="0"/><line number="373" hits="0"/><line number="374" hits="0"/><line number="383" hits="0"/><line number="384" hits="0"/><line number="385" hits="0"/><line number="386" hits="0"/><line number="387" hits="0"/><line number="389" hits="0"/><line number="393" hits="0"/><line number="399" hits="0"/><line number="400" hits="0"/><line number="401" hits="0"/><line number="403" hits="0"/><line number="410" hits="0"/><line number="411" hits="0"/><line number="418" hits="0"/><line number="419" hits="0"/><line number="420" hits="0"/><line number="421" hits="0"/><line number="424" hits="0"/><line number="439" hits="0"/><line number="442" hits="0"/><line number="446" hits="0"/><line number="452" hits="0"/><line number="453" hits="0"/><line number="454" hits="0"/><line number="458" hits="0"/><line number="465" hits="0"/><line number="471" hits="0"/><line number="472" hits="0"/><line number="473" hits="0"/><line number="474" hits="0"/><line number="475" hits="0"/><line number="477" hits="0"/><line number="481" hits="0"/><line number="487" hits="0"/><line number="488" hits="0"/><line number="492" hits="0"/><line number="499" hits="0"/><line number="513" hits="0"/><line number="528" hits="0"/></lines></class><class name="routes" filename="agent-manager/src/routes.rs" line-rate="0" branch-rate="0" complexity="0"><methods/><lines><line number="74" hits="0"/><line number="75" hits="0"/><line number="76" hits="0"/><line number="78" hits="0"/><line number="79" hits="0"/><line number="80" hits="0"/><line number="85" hits="0"/><line number="86" hits="0"/><line number="93" hits="0"/><line number="94" hits="0"/><line number="95" hits="0"/><line number="96" hits="0"/><line number="97" hits="0"/><line number="98" hits="0"/><line number="99" hits="0"/><line number="100" hits="0"/><line number="101" hits="0"/><line number="102" hits="0"/><line number="103" hits="0"/><line number="104" hits="0"/><line number="105" hits="0"/><line number="108" hits="0"/><line number="110" hits="0"/><line number="114" hits="0"/><line number="120" hits="0"/><line number="123" hits="0"/><line number="124" hits="0"/><line number="125" hits="0"/><line number="126" hits="0"/><line number="129" hits="0"/><line number="131" hits="0"/><line number="132" hits="0"/><line number="133" hits="0"/><line number="138" hits="0"/><line number="145" hits="0"/><line number="146" hits="0"/><line number="148" hits="0"/><line number="149" hits="0"/><line number="152" hits="0"/><line number="156" hits="0"/><line number="160" hits="0"/><line number="161" hits="0"/><line number="162" hits="0"/><line number="163" hits="0"/><line number="165" hits="0"/><line number="166" hits="0"/><line number="167" hits="0"/><line number="172" hits="0"/><line number="176" hits="0"/><line number="177" hits="0"/><line number="178" hits="0"/><line number="179" hits="0"/><line number="185" hits="0"/><line number="189" hits="0"/><line number="193" hits="0"/><line number="194" hits="0"/><line number="195" hits="0"/><line number="196" hits="0"/><line number="198" hits="0"/><line number="204" hits="0"/><line number="206" hits="0"/><line number="208" hits="0"/><line number="209" hits="0"/><line number="211" hits="0"/><line number="219" hits="0"/><line number="220" hits="0"/><line number="221" hits="0"/><line number="230" hits="0"/><line number="234" hits="0"/><line number="235" hits="0"/><line number="236" hits="0"/><line number="237" hits="0"/><line number="239" hits="0"/><line number="243" hits="0"/><line number="248" hits="0"/><line number="252" hits="0"/><line number="256" hits="0"/><line number="257" hits="0"/><line number="258" hits="0"/><line number="263" hits="0"/><line number="268" hits="0"/><line number="269" hits="0"/><line number="273" hits="0"/><line number="278" hits="0"/><line number="282" hits="0"/><line number="286" hits="0"/><line number="290" hits="0"/><line number="295" hits="0"/><line number="296" hits="0"/><line number="297" hits="0"/><line number="298" hits="0"/><line number="301" hits="0"/><line number="306" hits="0"/><line number="310" hits="0"/><line number="315" hits="0"/><line number="316" hits="0"/><line number="317" hits="0"/><line number="321" hits="0"/><line number="322" hits="0"/><line number="326" hits="0"/><line number="327" hits="0"/><line number="328" hits="0"/><line number="331" hits="0"/><line number="336" hits="0"/><line number="342" hits="0"/><line number="343" hits="0"/><line number="344" hits="0"/><line number="345" hits="0"/><line number="348" hits="0"/><line number="354" hits="0"/><line number="362" hits="0"/><line number="368" hits="0"/><line number="369" hits="0"/><line number="370" hits="0"/><line number="374" hits="0"/><line number="375" hits="0"/><line number="376" hits="0"/><line number="377" hits="0"/><line number="380" hits="0"/><line number="381" hits="0"/><line number="382" hits="0"/><line number="385" hits="0"/><line number="390" hits="0"/><line number="396" hits="0"/><line number="397" hits="0"/><line number="398" hits="0"/><line number="399" hits="0"/><line number="402" hits="0"/><line number="408" hits="0"/><line number="416" hits="0"/><line number="422" hits="0"/><line number="423" hits="0"/><line number="424" hits="0"/><line number="428" hits="0"/><line number="429" hits="0"/><line number="430" hits="0"/><line number="431" hits="0"/><line number="434" hits="0"/><line number="435" hits="0"/><line number="436" hits="0"/><line number="439" hits="0"/></lines></class></classes></package><package name="logseek/src/utils" line-rate="0" branch-rate="0" complexity="0"><classes><class name="renderer" filename="logseek/src/utils/renderer.rs" line-rate="0" branch-rate="0" complexity="0"><methods/><lines><line number="1" hits="0"/><line number="2" hits="0"/><line number="3" hits="0"/><line number="5" hits="0"/><line number="6" hits="0"/><line number="7" hits="0"/><line number="8" hits="0"/><line number="9" hits="0"/><line number="10" hits="0"/><line number="13" hits="0"/><line number="16" hits="0"/><line number="18" hits="0"/><line number="19" hits="0"/><line number="20" hits="0"/><line number="24" hits="0"/><line number="25" hits="0"/><line number="26" hits="0"/><line number="28" hits="0"/><line number="29" hits="0"/><line number="32" hits="0"/><line number="33" hits="0"/><line number="34" hits="0"/><line number="36" hits="0"/><line number="37" hits="0"/><line number="38" hits="0"/><line number="39" hits="0"/><line number="46" hits="0"/><line number="48" hits="0"/><line number="51" hits="0"/><line number="64" hits="0"/><line number="65" hits="0"/><line number="66" hits="0"/><line number="67" hits="0"/><line number="68" hits="0"/><line number="70" hits="0"/><line number="75" hits="0"/><line number="76" hits="0"/><line number="79" hits="0"/><line number="80" hits="0"/><line number="106" hits="0"/><line number="113" hits="0"/><line number="114" hits="0"/><line number="115" hits="0"/><line number="117" hits="0"/><line number="118" hits="0"/><line number="119" hits="0"/><line number="120" hits="0"/><line number="123" hits="0"/><line number="125" hits="0"/></lines></class><class name="strings" filename="logseek/src/utils/strings.rs" line-rate="0" branch-rate="0" complexity="0"><methods/><lines><line number="2" hits="0"/><line number="3" hits="0"/><line number="4" hits="0"/><line number="7" hits="0"/><line number="8" hits="0"/></lines></class><class name="tuning" filename="logseek/src/utils/tuning.rs" line-rate="0" branch-rate="0" complexity="0"><methods/><lines><line number="16" hits="0"/><line number="17" hits="0"/><line number="21" hits="0"/><line number="22" hits="0"/></lines></class></classes></package><package name="explorer/src" line-rate="0" branch-rate="0" complexity="0"><classes></classes></package></packages></coverage>