<?xml version="1.0"?><coverage lines-covered="1805" lines-valid="5064" line-rate="0.3564375987361769" branches-covered="0" branches-valid="0" branch-rate="0" complexity="0" version="1.9" timestamp="1769668835"><sources><source>/Users/wangyue/workspace/codelder/opsbox/backend</source></sources><packages><package name="logseek/src/repository" line-rate="0.632495164410058" branch-rate="0" complexity="0"><classes><class name="cache" filename="logseek/src/repository/cache.rs" line-rate="0.6481481481481481" branch-rate="0" complexity="0"><methods/><lines><line number="21" hits="108"/><line number="23" hits="67924"/><line number="24" hits="324"/><line number="25" hits="324"/><line number="27" hits="67384"/><line number="31" hits="432"/><line number="40" hits="16"/><line number="41" hits="48"/><line number="44" hits="61"/><line number="45" hits="29"/><line number="46" hits="0"/><line number="51" hits="29"/><line number="55" hits="16"/><line number="58" hits="17"/><line number="59" hits="51"/><line number="62" hits="0"/><line number="63" hits="0"/><line number="75" hits="0"/><line number="76" hits="0"/><line number="77" hits="0"/><line number="79" hits="0"/><line number="80" hits="0"/><line number="83" hits="0"/><line number="84" hits="0"/><line number="98" hits="148"/><line number="99" hits="300"/><line number="100" hits="4"/><line number="101" hits="4"/><line number="102" hits="12"/><line number="103" hits="4"/><line number="108" hits="3"/><line number="109" hits="6"/><line number="113" hits="40"/><line number="114" hits="40"/><line number="117" hits="180"/><line number="118" hits="364"/><line number="120" hits="12"/><line number="121" hits="7"/><line number="122" hits="3"/><line number="123" hits="6"/><line number="125" hits="3"/><line number="126" hits="6"/><line number="127" hits="0"/><line number="128" hits="0"/><line number="129" hits="0"/><line number="130" hits="0"/><line number="133" hits="0"/><line number="134" hits="0"/><line number="137" hits="0"/><line number="138" hits="0"/><line number="141" hits="0"/><line number="149" hits="0"/><line number="156" hits="0"/><line number="157" hits="0"/><line number="158" hits="0"/><line number="175" hits="6"/><line number="176" hits="0"/><line number="177" hits="0"/><line number="185" hits="44"/><line number="186" hits="22"/><line number="187" hits="66"/><line number="191" hits="10"/><line number="192" hits="10"/><line number="193" hits="30"/><line number="202" hits="50"/><line number="203" hits="25"/><line number="204" hits="75"/><line number="206" hits="72"/><line number="208" hits="0"/><line number="209" hits="0"/><line number="214" hits="3"/><line number="217" hits="216"/><line number="218" hits="108"/><line number="219" hits="324"/><line number="221" hits="648"/><line number="222" hits="216"/><line number="223" hits="108"/><line number="224" hits="108"/><line number="227" hits="108"/><line number="229" hits="108"/><line number="230" hits="0"/><line number="233" hits="0"/><line number="237" hits="432"/><line number="238" hits="540"/><line number="241" hits="20"/><line number="248" hits="20"/><line number="249" hits="60"/><line number="251" hits="57"/><line number="253" hits="0"/><line number="254" hits="0"/><line number="255" hits="0"/><line number="260" hits="17"/><line number="263" hits="2"/><line number="273" hits="3"/><line number="277" hits="4"/><line number="278" hits="6"/><line number="279" hits="6"/><line number="280" hits="1"/><line number="285" hits="2"/><line number="286" hits="1"/><line number="287" hits="3"/><line number="289" hits="3"/><line number="291" hits="0"/><line number="292" hits="0"/><line number="293" hits="0"/><line number="301" hits="0"/><line number="305" hits="0"/><line number="306" hits="0"/></lines></class><class name="error" filename="logseek/src/repository/error.rs" line-rate="0" branch-rate="0" complexity="0"><methods/><lines><line number="29" hits="0"/><line number="30" hits="0"/></lines></class><class name="llm" filename="logseek/src/repository/llm.rs" line-rate="0.5118483412322274" branch-rate="0" complexity="0"><methods/><lines><line number="17" hits="11"/><line number="18" hits="11"/><line number="19" hits="9"/><line number="20" hits="2"/><line number="24" hits="15"/><line number="25" hits="15"/><line number="26" hits="25"/><line number="27" hits="8"/><line number="28" hits="2"/><line number="67" hits="3"/><line number="69" hits="3"/><line number="70" hits="3"/><line number="71" hits="3"/><line number="72" hits="3"/><line number="73" hits="3"/><line number="74" hits="16"/><line number="80" hits="198"/><line number="81" hits="198"/><line number="82" hits="99"/><line number="83" hits="99"/><line number="84" hits="99"/><line number="85" hits="99"/><line number="86" hits="99"/><line number="87" hits="99"/><line number="88" hits="99"/><line number="89" hits="99"/><line number="90" hits="99"/><line number="91" hits="99"/><line number="92" hits="99"/><line number="94" hits="99"/><line number="96" hits="198"/><line number="97" hits="99"/><line number="98" hits="99"/><line number="99" hits="99"/><line number="101" hits="99"/><line number="102" hits="99"/><line number="104" hits="396"/><line number="105" hits="99"/><line number="106" hits="99"/><line number="107" hits="99"/><line number="109" hits="99"/><line number="110" hits="99"/><line number="113" hits="10"/><line number="114" hits="20"/><line number="115" hits="10"/><line number="116" hits="10"/><line number="117" hits="10"/><line number="121" hits="4"/><line number="125" hits="4"/><line number="126" hits="2"/><line number="127" hits="2"/><line number="132" hits="2"/><line number="133" hits="6"/><line number="140" hits="2"/><line number="148" hits="20"/><line number="152" hits="30"/><line number="153" hits="20"/><line number="154" hits="10"/><line number="155" hits="10"/><line number="159" hits="7"/><line number="160" hits="28"/><line number="161" hits="7"/><line number="162" hits="7"/><line number="163" hits="14"/><line number="164" hits="7"/><line number="165" hits="7"/><line number="166" hits="7"/><line number="172" hits="18"/><line number="173" hits="18"/><line number="174" hits="36"/><line number="175" hits="27"/><line number="176" hits="18"/><line number="177" hits="9"/><line number="178" hits="9"/><line number="183" hits="1"/><line number="189" hits="4"/><line number="190" hits="3"/><line number="191" hits="3"/><line number="192" hits="3"/><line number="193" hits="3"/><line number="194" hits="3"/><line number="195" hits="3"/><line number="196" hits="3"/><line number="197" hits="3"/><line number="198" hits="2"/><line number="199" hits="1"/><line number="200" hits="1"/><line number="217" hits="0"/><line number="238" hits="8"/><line number="241" hits="9"/><line number="245" hits="4"/><line number="247" hits="6"/><line number="248" hits="3"/><line number="251" hits="2"/><line number="255" hits="2"/><line number="257" hits="2"/><line number="261" hits="14"/><line number="262" hits="12"/><line number="264" hits="5"/><line number="265" hits="2"/><line number="269" hits="5"/><line number="270" hits="6"/><line number="273" hits="5"/><line number="274" hits="5"/><line number="278" hits="20"/><line number="279" hits="39"/><line number="280" hits="20"/><line number="281" hits="10"/><line number="282" hits="13"/><line number="287" hits="0"/><line number="289" hits="0"/><line number="290" hits="0"/><line number="292" hits="0"/><line number="293" hits="0"/><line number="295" hits="0"/><line number="302" hits="0"/><line number="305" hits="0"/><line number="306" hits="0"/><line number="307" hits="0"/><line number="308" hits="0"/><line number="309" hits="0"/><line number="314" hits="0"/><line number="315" hits="0"/><line number="316" hits="0"/><line number="318" hits="0"/><line number="319" hits="0"/><line number="321" hits="0"/><line number="329" hits="0"/><line number="334" hits="0"/><line number="338" hits="0"/><line number="348" hits="0"/><line number="349" hits="0"/><line number="351" hits="0"/><line number="353" hits="0"/><line number="355" hits="0"/><line number="359" hits="0"/><line number="361" hits="0"/><line number="362" hits="0"/><line number="363" hits="0"/><line number="364" hits="0"/><line number="365" hits="0"/><line number="368" hits="0"/><line number="370" hits="0"/><line number="371" hits="0"/><line number="376" hits="0"/><line number="391" hits="0"/><line number="393" hits="0"/><line number="394" hits="0"/><line number="396" hits="0"/><line number="398" hits="0"/><line number="399" hits="0"/><line number="400" hits="0"/><line number="402" hits="0"/><line number="404" hits="0"/><line number="406" hits="0"/><line number="409" hits="0"/><line number="412" hits="0"/><line number="416" hits="0"/><line number="419" hits="0"/><line number="421" hits="0"/><line number="422" hits="0"/><line number="423" hits="0"/><line number="424" hits="0"/><line number="425" hits="0"/><line number="426" hits="0"/><line number="430" hits="0"/><line number="432" hits="0"/><line number="433" hits="0"/><line number="438" hits="0"/><line number="439" hits="0"/><line number="440" hits="0"/><line number="441" hits="0"/><line number="443" hits="0"/><line number="445" hits="0"/><line number="446" hits="0"/><line number="448" hits="0"/><line number="461" hits="0"/><line number="468" hits="0"/><line number="469" hits="0"/><line number="471" hits="0"/><line number="478" hits="0"/><line number="479" hits="0"/><line number="480" hits="0"/><line number="482" hits="0"/><line number="484" hits="0"/><line number="495" hits="0"/><line number="500" hits="0"/><line number="502" hits="0"/><line number="503" hits="0"/><line number="504" hits="0"/><line number="505" hits="0"/><line number="506" hits="0"/><line number="509" hits="0"/><line number="513" hits="0"/><line number="520" hits="0"/><line number="521" hits="0"/><line number="523" hits="0"/><line number="525" hits="0"/><line number="527" hits="0"/><line number="528" hits="0"/><line number="530" hits="0"/><line number="543" hits="0"/><line number="546" hits="0"/><line number="550" hits="0"/><line number="553" hits="0"/><line number="555" hits="0"/><line number="556" hits="0"/><line number="557" hits="0"/><line number="558" hits="0"/><line number="559" hits="0"/><line number="562" hits="0"/></lines></class><class name="planners" filename="logseek/src/repository/planners.rs" line-rate="0.9861111111111112" branch-rate="0" complexity="0"><methods/><lines><line number="22" hits="178"/><line number="23" hits="178"/><line number="24" hits="89"/><line number="25" hits="89"/><line number="26" hits="89"/><line number="27" hits="89"/><line number="29" hits="89"/><line number="30" hits="178"/><line number="31" hits="89"/><line number="32" hits="89"/><line number="33" hits="89"/><line number="35" hits="89"/><line number="36" hits="89"/><line number="37" hits="356"/><line number="38" hits="89"/><line number="39" hits="89"/><line number="40" hits="89"/><line number="42" hits="89"/><line number="43" hits="89"/><line number="47" hits="136"/><line number="48" hits="204"/><line number="49" hits="68"/><line number="50" hits="68"/><line number="51" hits="68"/><line number="56" hits="204"/><line number="57" hits="204"/><line number="58" hits="204"/><line number="59" hits="136"/><line number="60" hits="68"/><line number="61" hits="68"/><line number="62" hits="68"/><line number="66" hits="2"/><line number="67" hits="1"/><line number="68" hits="3"/><line number="69" hits="3"/><line number="70" hits="2"/><line number="71" hits="1"/><line number="72" hits="1"/><line number="74" hits="1"/><line number="75" hits="1"/><line number="76" hits="1"/><line number="81" hits="422"/><line number="82" hits="844"/><line number="83" hits="633"/><line number="84" hits="422"/><line number="85" hits="211"/><line number="86" hits="211"/><line number="91" hits="4"/><line number="92" hits="8"/><line number="93" hits="4"/><line number="94" hits="2"/><line number="95" hits="2"/><line number="99" hits="3"/><line number="105" hits="2"/><line number="107" hits="3"/><line number="108" hits="3"/><line number="111" hits="1"/><line number="115" hits="1"/><line number="116" hits="1"/><line number="120" hits="120"/><line number="121" hits="119"/><line number="123" hits="59"/><line number="124" hits="0"/><line number="128" hits="60"/><line number="129" hits="118"/><line number="132" hits="60"/><line number="133" hits="60"/><line number="137" hits="288"/><line number="138" hits="576"/><line number="139" hits="288"/><line number="140" hits="144"/><line number="141" hits="144"/></lines></class><class name="s3" filename="logseek/src/repository/s3.rs" line-rate="0.6290322580645161" branch-rate="0" complexity="0"><methods/><lines><line number="15" hits="180"/><line number="17" hits="180"/><line number="18" hits="90"/><line number="19" hits="90"/><line number="20" hits="90"/><line number="21" hits="90"/><line number="22" hits="90"/><line number="23" hits="90"/><line number="24" hits="90"/><line number="26" hits="90"/><line number="28" hits="360"/><line number="29" hits="90"/><line number="30" hits="90"/><line number="32" hits="90"/><line number="35" hits="6"/><line number="36" hits="3"/><line number="37" hits="12"/><line number="38" hits="3"/><line number="39" hits="3"/><line number="42" hits="2"/><line number="43" hits="1"/><line number="47" hits="2"/><line number="48" hits="2"/><line number="49" hits="2"/><line number="53" hits="0"/><line number="54" hits="0"/><line number="55" hits="0"/><line number="56" hits="0"/><line number="59" hits="4"/><line number="60" hits="2"/><line number="66" hits="2"/><line number="67" hits="6"/><line number="68" hits="2"/><line number="69" hits="2"/><line number="70" hits="2"/><line number="73" hits="2"/><line number="74" hits="6"/><line number="75" hits="4"/><line number="76" hits="2"/><line number="77" hits="2"/><line number="83" hits="3"/><line number="84" hits="3"/><line number="85" hits="3"/><line number="86" hits="3"/><line number="87" hits="2"/><line number="88" hits="1"/><line number="89" hits="1"/><line number="101" hits="1"/><line number="104" hits="2"/><line number="108" hits="0"/><line number="109" hits="0"/><line number="111" hits="0"/><line number="113" hits="0"/><line number="114" hits="0"/><line number="117" hits="0"/><line number="118" hits="0"/><line number="119" hits="0"/><line number="122" hits="0"/><line number="123" hits="0"/><line number="124" hits="0"/><line number="125" hits="0"/><line number="126" hits="0"/><line number="129" hits="0"/><line number="130" hits="0"/><line number="131" hits="0"/><line number="132" hits="0"/><line number="133" hits="0"/><line number="134" hits="0"/><line number="136" hits="0"/><line number="137" hits="0"/><line number="138" hits="0"/><line number="141" hits="0"/><line number="142" hits="0"/><line number="143" hits="0"/><line number="147" hits="0"/><line number="148" hits="0"/><line number="149" hits="0"/><line number="151" hits="0"/><line number="152" hits="0"/><line number="153" hits="0"/><line number="155" hits="0"/><line number="156" hits="0"/><line number="157" hits="0"/><line number="159" hits="0"/><line number="160" hits="0"/><line number="161" hits="0"/><line number="163" hits="0"/><line number="164" hits="0"/><line number="165" hits="0"/><line number="175" hits="16"/><line number="176" hits="24"/><line number="177" hits="8"/><line number="178" hits="8"/><line number="182" hits="314"/><line number="183" hits="157"/><line number="184" hits="314"/><line number="185" hits="157"/><line number="186" hits="157"/><line number="190" hits="14"/><line number="191" hits="7"/><line number="192" hits="0"/><line number="196" hits="21"/><line number="197" hits="7"/><line number="198" hits="7"/><line number="199" hits="7"/><line number="202" hits="28"/><line number="209" hits="18"/><line number="210" hits="18"/><line number="211" hits="18"/><line number="212" hits="18"/><line number="213" hits="18"/><line number="214" hits="12"/><line number="215" hits="6"/><line number="216" hits="6"/><line number="218" hits="6"/><line number="233" hits="1"/><line number="235" hits="1"/><line number="238" hits="7"/><line number="242" hits="2"/><line number="243" hits="1"/><line number="246" hits="1"/><line number="247" hits="0"/><line number="254" hits="1"/><line number="256" hits="1"/></lines></class></classes></package><package name="explorer/src/fs" line-rate="0" branch-rate="0" complexity="0"><classes></classes></package><package name="logseek/tests" line-rate="0.9104477611940298" branch-rate="0" complexity="0"><classes><class name="archive_search_integration" filename="logseek/tests/archive_search_integration.rs" line-rate="0.8888888888888888" branch-rate="0" complexity="0"><methods/><lines><line number="14" hits="4"/><line number="15" hits="6"/><line number="18" hits="4"/><line number="19" hits="4"/><line number="22" hits="6"/><line number="23" hits="6"/><line number="24" hits="6"/><line number="25" hits="2"/><line number="32" hits="4"/><line number="35" hits="0"/><line number="36" hits="2"/><line number="38" hits="2"/><line number="41" hits="2"/><line number="42" hits="2"/><line number="44" hits="2"/><line number="48" hits="2"/><line number="49" hits="3"/><line number="50" hits="3"/><line number="53" hits="3"/><line number="56" hits="0"/><line number="63" hits="2"/><line number="64" hits="1"/><line number="65" hits="0"/><line number="66" hits="1"/><line number="69" hits="1"/><line number="70" hits="1"/><line number="72" hits="1"/></lines></class><class name="path_filtering_integration" filename="logseek/tests/path_filtering_integration.rs" line-rate="0.9375" branch-rate="0" complexity="0"><methods/><lines><line number="12" hits="2"/><line number="13" hits="3"/><line number="17" hits="3"/><line number="19" hits="2"/><line number="20" hits="1"/><line number="23" hits="3"/><line number="29" hits="4"/><line number="30" hits="8"/><line number="33" hits="32"/><line number="34" hits="112"/><line number="35" hits="16"/><line number="36" hits="16"/><line number="38" hits="344"/><line number="39" hits="55"/><line number="43" hits="16"/><line number="45" hits="0"/></lines></class><class name="search_executor_integration" filename="logseek/tests/search_executor_integration.rs" line-rate="0.8333333333333334" branch-rate="0" complexity="0"><methods/><lines><line number="16" hits="4"/><line number="17" hits="8"/><line number="18" hits="6"/><line number="20" hits="10"/><line number="22" hits="10"/><line number="25" hits="6"/><line number="31" hits="4"/><line number="34" hits="4"/><line number="40" hits="2"/><line number="48" hits="0"/><line number="57" hits="0"/><line number="59" hits="2"/></lines></class><class name="search_executor_orl_integration" filename="logseek/tests/search_executor_orl_integration.rs" line-rate="1" branch-rate="0" complexity="0"><methods/><lines><line number="16" hits="6"/><line number="17" hits="9"/><line number="21" hits="9"/><line number="23" hits="6"/><line number="24" hits="3"/><line number="27" hits="9"/></lines></class><class name="starlark_orl_integration" filename="logseek/tests/starlark_orl_integration.rs" line-rate="1" branch-rate="0" complexity="0"><methods/><lines><line number="12" hits="16"/><line number="13" hits="24"/><line number="17" hits="24"/><line number="19" hits="16"/><line number="20" hits="8"/><line number="24" hits="24"/></lines></class></classes></package><package name="opsbox-core/src/logging" line-rate="0" branch-rate="0" complexity="0"><classes><class name="repository" filename="opsbox-core/src/logging/repository.rs" line-rate="0" branch-rate="0" complexity="0"><methods/><lines><line number="38" hits="0"/><line number="43" hits="0"/><line number="45" hits="0"/><line number="50" hits="0"/><line number="51" hits="0"/><line number="52" hits="0"/><line number="53" hits="0"/><line number="55" hits="0"/><line number="59" hits="0"/><line number="61" hits="0"/><line number="63" hits="0"/><line number="64" hits="0"/><line number="65" hits="0"/><line number="66" hits="0"/><line number="67" hits="0"/><line number="69" hits="0"/><line number="70" hits="0"/><line number="71" hits="0"/><line number="72" hits="0"/><line number="73" hits="0"/><line number="74" hits="0"/><line number="75" hits="0"/><line number="77" hits="0"/><line number="78" hits="0"/><line number="82" hits="0"/><line number="84" hits="0"/><line number="86" hits="0"/><line number="87" hits="0"/><line number="88" hits="0"/><line number="89" hits="0"/><line number="91" hits="0"/><line number="92" hits="0"/><line number="93" hits="0"/><line number="94" hits="0"/><line number="95" hits="0"/><line number="96" hits="0"/><line number="97" hits="0"/><line number="99" hits="0"/><line number="100" hits="0"/><line number="105" hits="0"/><line number="106" hits="0"/><line number="107" hits="0"/><line number="108" hits="0"/><line number="109" hits="0"/><line number="110" hits="0"/><line number="112" hits="0"/><line number="113" hits="0"/><line number="114" hits="0"/><line number="115" hits="0"/><line number="116" hits="0"/><line number="118" hits="0"/><line number="119" hits="0"/><line number="120" hits="0"/><line number="121" hits="0"/><line number="122" hits="0"/><line number="123" hits="0"/><line number="125" hits="0"/><line number="128" hits="0"/><line number="132" hits="0"/><line number="133" hits="0"/><line number="134" hits="0"/><line number="135" hits="0"/><line number="136" hits="0"/><line number="137" hits="0"/></lines></class></classes></package><package name="opsbox-core/src/odfs" line-rate="0.292358803986711" branch-rate="0" complexity="0"><classes><class name="fs" filename="opsbox-core/src/odfs/fs.rs" line-rate="0" branch-rate="0" complexity="0"><methods/><lines><line number="32" hits="0"/><line number="33" hits="0"/></lines></class><class name="manager" filename="opsbox-core/src/odfs/manager.rs" line-rate="0.2413793103448276" branch-rate="0" complexity="0"><methods/><lines><line number="20" hits="0"/><line number="21" hits="0"/><line number="26" hits="174"/><line number="28" hits="348"/><line number="29" hits="174"/><line number="34" hits="0"/><line number="35" hits="0"/><line number="36" hits="0"/><line number="39" hits="0"/><line number="40" hits="0"/><line number="43" hits="174"/><line number="44" hits="696"/><line number="47" hits="348"/><line number="48" hits="522"/><line number="49" hits="0"/><line number="50" hits="0"/><line number="51" hits="0"/><line number="52" hits="0"/><line number="54" hits="0"/><line number="60" hits="0"/><line number="63" hits="0"/><line number="64" hits="0"/><line number="66" hits="0"/><line number="67" hits="0"/><line number="69" hits="0"/><line number="70" hits="0"/><line number="71" hits="0"/><line number="75" hits="0"/><line number="76" hits="0"/><line number="77" hits="0"/><line number="82" hits="0"/><line number="85" hits="0"/><line number="90" hits="0"/><line number="91" hits="0"/><line number="95" hits="0"/><line number="96" hits="0"/><line number="97" hits="0"/><line number="98" hits="0"/><line number="105" hits="0"/><line number="106" hits="0"/><line number="107" hits="0"/><line number="108" hits="0"/><line number="111" hits="0"/><line number="117" hits="0"/><line number="120" hits="0"/><line number="123" hits="0"/><line number="124" hits="0"/><line number="125" hits="0"/><line number="128" hits="0"/><line number="129" hits="0"/><line number="130" hits="0"/><line number="133" hits="0"/><line number="134" hits="0"/><line number="135" hits="0"/><line number="140" hits="348"/><line number="143" hits="696"/><line number="144" hits="0"/><line number="146" hits="0"/><line number="147" hits="174"/><line number="149" hits="0"/><line number="150" hits="0"/><line number="152" hits="0"/><line number="156" hits="0"/><line number="157" hits="0"/><line number="159" hits="0"/><line number="164" hits="174"/><line number="166" hits="0"/><line number="169" hits="0"/><line number="172" hits="174"/><line number="173" hits="0"/><line number="174" hits="0"/><line number="175" hits="0"/><line number="177" hits="174"/><line number="180" hits="0"/><line number="183" hits="0"/><line number="184" hits="174"/><line number="185" hits="173"/><line number="186" hits="173"/><line number="187" hits="173"/><line number="189" hits="0"/><line number="190" hits="0"/><line number="191" hits="0"/><line number="194" hits="173"/><line number="196" hits="3"/><line number="199" hits="0"/><line number="200" hits="1"/><line number="203" hits="173"/></lines></class><class name="orl" filename="opsbox-core/src/odfs/orl.rs" line-rate="0.5789473684210527" branch-rate="0" complexity="0"><methods/><lines><line number="20" hits="1125"/><line number="21" hits="1125"/><line number="22" hits="2166"/><line number="23" hits="162"/><line number="24" hits="12"/><line number="25" hits="0"/><line number="31" hits="0"/><line number="32" hits="0"/><line number="33" hits="0"/><line number="34" hits="0"/><line number="35" hits="0"/><line number="57" hits="0"/><line number="58" hits="0"/><line number="76" hits="277"/><line number="77" hits="831"/><line number="80" hits="554"/><line number="81" hits="277"/><line number="83" hits="0"/><line number="84" hits="0"/><line number="85" hits="0"/><line number="89" hits="0"/><line number="90" hits="0"/><line number="93" hits="0"/><line number="96" hits="0"/><line number="100" hits="0"/><line number="101" hits="0"/><line number="105" hits="4001"/><line number="106" hits="20005"/><line number="113" hits="1125"/><line number="114" hits="5625"/><line number="126" hits="220"/><line number="127" hits="680"/><line number="133" hits="218"/><line number="134" hits="218"/><line number="135" hits="16"/><line number="138" hits="420"/><line number="140" hits="36"/><line number="141" hits="174"/><line number="144" hits="0"/><line number="151" hits="1326"/><line number="152" hits="1326"/><line number="158" hits="0"/><line number="159" hits="0"/><line number="163" hits="967"/><line number="164" hits="2901"/><line number="168" hits="181"/><line number="169" hits="543"/><line number="173" hits="1148"/><line number="174" hits="3444"/><line number="175" hits="3444"/><line number="177" hits="86"/><line number="178" hits="258"/><line number="179" hits="172"/><line number="180" hits="86"/><line number="182" hits="17"/><line number="187" hits="69"/><line number="191" hits="445"/><line number="192" hits="1335"/><line number="193" hits="890"/><line number="194" hits="445"/><line number="195" hits="445"/><line number="196" hits="438"/><line number="197" hits="438"/><line number="199" hits="7"/><line number="201" hits="438"/><line number="206" hits="520"/><line number="207" hits="520"/><line number="210" hits="1560"/><line number="211" hits="2080"/><line number="217" hits="0"/><line number="218" hits="0"/><line number="220" hits="0"/><line number="221" hits="0"/><line number="236" hits="12"/><line number="237" hits="36"/><line number="244" hits="0"/><line number="245" hits="0"/><line number="250" hits="0"/><line number="254" hits="0"/><line number="259" hits="0"/><line number="263" hits="0"/><line number="264" hits="0"/><line number="288" hits="174"/><line number="289" hits="174"/><line number="292" hits="349"/><line number="293" hits="349"/><line number="296" hits="0"/><line number="297" hits="0"/><line number="298" hits="0"/><line number="299" hits="0"/><line number="301" hits="0"/><line number="307" hits="0"/><line number="308" hits="0"/><line number="313" hits="0"/><line number="314" hits="0"/></lines></class><class name="types" filename="opsbox-core/src/odfs/types.rs" line-rate="0" branch-rate="0" complexity="0"><methods/><lines><line number="39" hits="0"/><line number="40" hits="0"/><line number="43" hits="0"/><line number="44" hits="0"/></lines></class></classes></package><package name="opsbox-core/src/storage" line-rate="0" branch-rate="0" complexity="0"><classes><class name="s3" filename="opsbox-core/src/storage/s3.rs" line-rate="0" branch-rate="0" complexity="0"><methods/><lines><line number="45" hits="0"/><line number="47" hits="0"/><line number="48" hits="0"/><line number="54" hits="0"/><line number="57" hits="0"/><line number="58" hits="0"/><line number="60" hits="0"/><line number="61" hits="0"/><line number="64" hits="0"/><line number="68" hits="0"/><line number="69" hits="0"/><line number="71" hits="0"/><line number="75" hits="0"/><line number="80" hits="0"/><line number="81" hits="0"/><line number="84" hits="0"/><line number="86" hits="0"/><line number="87" hits="0"/><line number="89" hits="0"/><line number="90" hits="0"/><line number="92" hits="0"/><line number="93" hits="0"/><line number="94" hits="0"/><line number="100" hits="0"/><line number="101" hits="0"/><line number="106" hits="0"/><line number="107" hits="0"/><line number="108" hits="0"/><line number="109" hits="0"/><line number="110" hits="0"/><line number="111" hits="0"/><line number="114" hits="0"/><line number="117" hits="0"/><line number="118" hits="0"/><line number="119" hits="0"/><line number="122" hits="0"/><line number="123" hits="0"/><line number="125" hits="0"/><line number="127" hits="0"/><line number="128" hits="0"/><line number="131" hits="0"/><line number="138" hits="0"/><line number="143" hits="0"/><line number="146" hits="0"/><line number="147" hits="0"/><line number="149" hits="0"/><line number="150" hits="0"/><line number="151" hits="0"/><line number="155" hits="0"/><line number="156" hits="0"/><line number="157" hits="0"/><line number="158" hits="0"/><line number="163" hits="0"/><line number="164" hits="0"/><line number="167" hits="0"/><line number="170" hits="0"/><line number="171" hits="0"/><line number="173" hits="0"/><line number="174" hits="0"/><line number="175" hits="0"/><line number="176" hits="0"/><line number="180" hits="0"/><line number="181" hits="0"/><line number="182" hits="0"/><line number="184" hits="0"/><line number="185" hits="0"/><line number="187" hits="0"/><line number="188" hits="0"/><line number="190" hits="0"/><line number="191" hits="0"/><line number="193" hits="0"/><line number="194" hits="0"/><line number="196" hits="0"/><line number="198" hits="0"/><line number="199" hits="0"/><line number="200" hits="0"/><line number="205" hits="0"/><line number="206" hits="0"/><line number="208" hits="0"/><line number="226" hits="0"/><line number="239" hits="0"/><line number="240" hits="0"/><line number="241" hits="0"/><line number="242" hits="0"/><line number="246" hits="0"/><line number="248" hits="0"/><line number="251" hits="0"/><line number="253" hits="0"/><line number="257" hits="0"/><line number="258" hits="0"/><line number="259" hits="0"/><line number="260" hits="0"/><line number="261" hits="0"/><line number="263" hits="0"/><line number="264" hits="0"/><line number="266" hits="0"/><line number="267" hits="0"/><line number="268" hits="0"/><line number="269" hits="0"/><line number="270" hits="0"/><line number="271" hits="0"/><line number="273" hits="0"/><line number="274" hits="0"/><line number="275" hits="0"/><line number="276" hits="0"/><line number="281" hits="0"/><line number="284" hits="0"/><line number="285" hits="0"/><line number="286" hits="0"/><line number="287" hits="0"/><line number="289" hits="0"/><line number="290" hits="0"/><line number="291" hits="0"/><line number="292" hits="0"/><line number="294" hits="0"/><line number="295" hits="0"/><line number="296" hits="0"/><line number="297" hits="0"/><line number="298" hits="0"/><line number="300" hits="0"/><line number="302" hits="0"/><line number="303" hits="0"/><line number="304" hits="0"/><line number="305" hits="0"/><line number="306" hits="0"/><line number="307" hits="0"/><line number="308" hits="0"/><line number="311" hits="0"/><line number="312" hits="0"/><line number="313" hits="0"/><line number="314" hits="0"/><line number="315" hits="0"/><line number="317" hits="0"/><line number="326" hits="0"/><line number="327" hits="0"/><line number="328" hits="0"/><line number="329" hits="0"/><line number="333" hits="0"/><line number="335" hits="0"/><line number="336" hits="0"/><line number="337" hits="0"/><line number="338" hits="0"/><line number="339" hits="0"/><line number="340" hits="0"/><line number="341" hits="0"/><line number="345" hits="0"/><line number="349" hits="0"/><line number="350" hits="0"/><line number="352" hits="0"/><line number="353" hits="0"/><line number="354" hits="0"/><line number="357" hits="0"/><line number="358" hits="0"/><line number="361" hits="0"/><line number="362" hits="0"/><line number="366" hits="0"/><line number="367" hits="0"/><line number="370" hits="0"/><line number="371" hits="0"/><line number="372" hits="0"/><line number="373" hits="0"/><line number="374" hits="0"/><line number="376" hits="0"/><line number="377" hits="0"/><line number="378" hits="0"/><line number="379" hits="0"/><line number="384" hits="0"/><line number="385" hits="0"/><line number="386" hits="0"/><line number="387" hits="0"/><line number="389" hits="0"/><line number="390" hits="0"/><line number="391" hits="0"/><line number="393" hits="0"/><line number="400" hits="0"/><line number="401" hits="0"/><line number="403" hits="0"/><line number="407" hits="0"/><line number="409" hits="0"/><line number="410" hits="0"/><line number="411" hits="0"/><line number="412" hits="0"/><line number="413" hits="0"/><line number="414" hits="0"/><line number="418" hits="0"/><line number="420" hits="0"/><line number="421" hits="0"/><line number="422" hits="0"/><line number="423" hits="0"/><line number="425" hits="0"/><line number="429" hits="0"/><line number="430" hits="0"/><line number="433" hits="0"/><line number="435" hits="0"/><line number="438" hits="0"/><line number="440" hits="0"/><line number="441" hits="0"/><line number="442" hits="0"/><line number="443" hits="0"/><line number="444" hits="0"/><line number="445" hits="0"/><line number="446" hits="0"/><line number="447" hits="0"/><line number="448" hits="0"/><line number="449" hits="0"/><line number="450" hits="0"/><line number="451" hits="0"/><line number="452" hits="0"/><line number="457" hits="0"/><line number="459" hits="0"/><line number="461" hits="0"/><line number="462" hits="0"/><line number="463" hits="0"/><line number="464" hits="0"/><line number="465" hits="0"/><line number="466" hits="0"/><line number="470" hits="0"/><line number="471" hits="0"/></lines></class></classes></package><package name="logseek/examples" line-rate="0" branch-rate="0" complexity="0"><classes></classes></package><package name="agent-manager/src" line-rate="0.015904572564612324" branch-rate="0" complexity="0"><classes><class name="lib" filename="agent-manager/src/lib.rs" line-rate="0" branch-rate="0" complexity="0"><methods/><lines><line number="26" hits="0"/><line number="27" hits="0"/><line number="30" hits="0"/><line number="31" hits="0"/><line number="34" hits="0"/><line number="35" hits="0"/><line number="38" hits="0"/><line number="53" hits="0"/><line number="55" hits="0"/><line number="56" hits="0"/><line number="60" hits="0"/><line number="63" hits="0"/><line number="64" hits="0"/><line number="69" hits="0"/><line number="70" hits="0"/><line number="73" hits="0"/><line number="74" hits="0"/><line number="79" hits="0"/><line number="80" hits="0"/></lines></class><class name="manager" filename="agent-manager/src/manager.rs" line-rate="0" branch-rate="0" complexity="0"><methods/><lines><line number="25" hits="0"/><line number="26" hits="0"/><line number="29" hits="0"/><line number="31" hits="0"/><line number="32" hits="0"/><line number="35" hits="0"/><line number="36" hits="0"/><line number="46" hits="0"/><line number="47" hits="0"/><line number="51" hits="0"/><line number="53" hits="0"/><line number="55" hits="0"/><line number="56" hits="0"/><line number="60" hits="0"/><line number="64" hits="0"/><line number="65" hits="0"/><line number="66" hits="0"/><line number="67" hits="0"/><line number="68" hits="0"/><line number="70" hits="0"/><line number="74" hits="0"/><line number="76" hits="0"/><line number="77" hits="0"/><line number="78" hits="0"/><line number="79" hits="0"/><line number="80" hits="0"/><line number="83" hits="0"/><line number="90" hits="0"/><line number="92" hits="0"/><line number="97" hits="0"/><line number="99" hits="0"/><line number="100" hits="0"/><line number="101" hits="0"/><line number="102" hits="0"/><line number="103" hits="0"/><line number="107" hits="0"/><line number="112" hits="0"/><line number="113" hits="0"/><line number="115" hits="0"/><line number="119" hits="0"/><line number="120" hits="0"/><line number="121" hits="0"/><line number="122" hits="0"/><line number="123" hits="0"/><line number="124" hits="0"/><line number="126" hits="0"/><line number="131" hits="0"/><line number="132" hits="0"/><line number="133" hits="0"/><line number="134" hits="0"/><line number="135" hits="0"/><line number="136" hits="0"/><line number="138" hits="0"/><line number="143" hits="0"/><line number="144" hits="0"/><line number="145" hits="0"/><line number="146" hits="0"/><line number="147" hits="0"/><line number="148" hits="0"/><line number="150" hits="0"/><line number="155" hits="0"/><line number="156" hits="0"/><line number="157" hits="0"/><line number="158" hits="0"/><line number="159" hits="0"/><line number="160" hits="0"/><line number="162" hits="0"/><line number="167" hits="0"/><line number="169" hits="0"/><line number="170" hits="0"/><line number="174" hits="0"/><line number="175" hits="0"/><line number="177" hits="0"/><line number="181" hits="0"/><line number="182" hits="0"/><line number="183" hits="0"/><line number="184" hits="0"/><line number="185" hits="0"/><line number="186" hits="0"/><line number="189" hits="0"/><line number="193" hits="0"/><line number="194" hits="0"/><line number="195" hits="0"/><line number="197" hits="0"/><line number="198" hits="0"/><line number="200" hits="0"/><line number="204" hits="0"/><line number="205" hits="0"/><line number="206" hits="0"/><line number="208" hits="0"/><line number="210" hits="0"/><line number="213" hits="0"/><line number="214" hits="0"/><line number="215" hits="0"/><line number="218" hits="0"/><line number="222" hits="0"/><line number="223" hits="0"/><line number="224" hits="0"/><line number="225" hits="0"/><line number="226" hits="0"/><line number="227" hits="0"/><line number="229" hits="0"/><line number="233" hits="0"/><line number="234" hits="0"/><line number="237" hits="0"/><line number="242" hits="0"/><line number="243" hits="0"/><line number="244" hits="0"/><line number="246" hits="0"/><line number="247" hits="0"/><line number="252" hits="0"/><line number="253" hits="0"/><line number="254" hits="0"/><line number="255" hits="0"/><line number="256" hits="0"/><line number="257" hits="0"/><line number="262" hits="0"/><line number="263" hits="0"/><line number="264" hits="0"/><line number="266" hits="0"/><line number="267" hits="0"/><line number="272" hits="0"/><line number="273" hits="0"/><line number="274" hits="0"/><line number="275" hits="0"/><line number="276" hits="0"/><line number="277" hits="0"/></lines></class><class name="models" filename="agent-manager/src/models.rs" line-rate="0" branch-rate="0" complexity="0"><methods/><lines><line number="16" hits="0"/><line number="21" hits="0"/><line number="22" hits="0"/><line number="28" hits="0"/><line number="34" hits="0"/><line number="35" hits="0"/><line number="82" hits="0"/><line number="83" hits="0"/><line number="84" hits="0"/><line number="85" hits="0"/><line number="86" hits="0"/><line number="116" hits="0"/><line number="117" hits="0"/><line number="118" hits="0"/><line number="122" hits="0"/><line number="123" hits="0"/><line number="125" hits="0"/><line number="126" hits="0"/><line number="127" hits="0"/><line number="128" hits="0"/><line number="129" hits="0"/><line number="133" hits="0"/><line number="137" hits="0"/><line number="138" hits="0"/><line number="142" hits="0"/><line number="143" hits="0"/><line number="147" hits="0"/><line number="148" hits="0"/><line number="152" hits="0"/><line number="153" hits="0"/><line number="154" hits="0"/><line number="156" hits="0"/><line number="157" hits="0"/><line number="161" hits="0"/><line number="162" hits="0"/><line number="163" hits="0"/><line number="164" hits="0"/><line number="169" hits="0"/><line number="170" hits="0"/><line number="174" hits="0"/><line number="175" hits="0"/><line number="179" hits="0"/><line number="180" hits="0"/><line number="181" hits="0"/><line number="182" hits="0"/></lines></class><class name="repository" filename="agent-manager/src/repository.rs" line-rate="0.04678362573099415" branch-rate="0" complexity="0"><methods/><lines><line number="18" hits="167"/><line number="23" hits="0"/><line number="40" hits="0"/><line number="41" hits="0"/><line number="58" hits="0"/><line number="61" hits="0"/><line number="63" hits="0"/><line number="65" hits="0"/><line number="67" hits="0"/><line number="69" hits="0"/><line number="71" hits="0"/><line number="73" hits="0"/><line number="75" hits="0"/><line number="77" hits="0"/><line number="79" hits="0"/><line number="81" hits="0"/><line number="83" hits="0"/><line number="85" hits="0"/><line number="87" hits="0"/><line number="89" hits="0"/><line number="93" hits="0"/><line number="94" hits="0"/><line number="95" hits="0"/><line number="122" hits="0"/><line number="125" hits="0"/><line number="126" hits="0"/><line number="129" hits="0"/><line number="133" hits="24"/><line number="141" hits="36"/><line number="142" hits="24"/><line number="143" hits="24"/><line number="145" hits="0"/><line number="146" hits="0"/><line number="147" hits="0"/><line number="150" hits="0"/><line number="151" hits="0"/><line number="152" hits="0"/><line number="155" hits="0"/><line number="168" hits="0"/><line number="173" hits="310"/><line number="181" hits="310"/><line number="182" hits="310"/><line number="185" hits="0"/><line number="186" hits="0"/><line number="187" hits="0"/><line number="190" hits="0"/><line number="191" hits="0"/><line number="192" hits="0"/><line number="195" hits="0"/><line number="209" hits="0"/><line number="213" hits="0"/><line number="222" hits="0"/><line number="223" hits="0"/><line number="225" hits="0"/><line number="226" hits="0"/><line number="227" hits="0"/><line number="228" hits="0"/><line number="230" hits="0"/><line number="231" hits="0"/><line number="233" hits="0"/><line number="234" hits="0"/><line number="235" hits="0"/><line number="236" hits="0"/><line number="237" hits="0"/><line number="238" hits="0"/><line number="239" hits="0"/><line number="240" hits="0"/><line number="241" hits="0"/><line number="245" hits="0"/><line number="249" hits="0"/><line number="250" hits="0"/><line number="251" hits="0"/><line number="258" hits="0"/><line number="278" hits="0"/><line number="282" hits="0"/><line number="285" hits="0"/><line number="286" hits="0"/><line number="287" hits="0"/><line number="290" hits="0"/><line number="291" hits="0"/><line number="292" hits="0"/><line number="295" hits="0"/><line number="309" hits="0"/><line number="313" hits="0"/><line number="314" hits="0"/><line number="315" hits="0"/><line number="319" hits="0"/><line number="320" hits="0"/><line number="322" hits="0"/><line number="323" hits="0"/><line number="325" hits="0"/><line number="326" hits="0"/><line number="329" hits="0"/><line number="331" hits="0"/><line number="341" hits="0"/><line number="342" hits="0"/><line number="343" hits="0"/><line number="344" hits="0"/><line number="347" hits="0"/><line number="349" hits="0"/><line number="350" hits="0"/><line number="351" hits="0"/><line number="352" hits="0"/><line number="354" hits="0"/><line number="355" hits="0"/><line number="357" hits="0"/><line number="358" hits="0"/><line number="359" hits="0"/><line number="360" hits="0"/><line number="361" hits="0"/><line number="362" hits="0"/><line number="363" hits="0"/><line number="364" hits="0"/><line number="365" hits="0"/><line number="369" hits="0"/><line number="373" hits="0"/><line number="374" hits="0"/><line number="383" hits="0"/><line number="384" hits="0"/><line number="385" hits="0"/><line number="386" hits="0"/><line number="387" hits="0"/><line number="389" hits="0"/><line number="393" hits="0"/><line number="399" hits="0"/><line number="400" hits="0"/><line number="401" hits="0"/><line number="403" hits="0"/><line number="410" hits="0"/><line number="411" hits="0"/><line number="418" hits="0"/><line number="419" hits="0"/><line number="420" hits="0"/><line number="421" hits="0"/><line number="424" hits="0"/><line number="439" hits="0"/><line number="442" hits="0"/><line number="446" hits="0"/><line number="452" hits="0"/><line number="453" hits="0"/><line number="454" hits="0"/><line number="458" hits="0"/><line number="465" hits="0"/><line number="471" hits="0"/><line number="472" hits="0"/><line number="473" hits="0"/><line number="474" hits="0"/><line number="475" hits="0"/><line number="477" hits="0"/><line number="481" hits="0"/><line number="487" hits="0"/><line number="488" hits="0"/><line number="492" hits="0"/><line number="499" hits="0"/><line number="505" hits="0"/><line number="506" hits="0"/><line number="508" hits="0"/><line number="509" hits="0"/><line number="513" hits="0"/><line number="519" hits="0"/><line number="520" hits="0"/><line number="521" hits="0"/><line number="523" hits="0"/><line number="524" hits="0"/><line number="528" hits="0"/><line number="529" hits="0"/><line number="538" hits="0"/><line number="539" hits="0"/><line number="540" hits="0"/><line number="541" hits="0"/><line number="543" hits="0"/></lines></class><class name="routes" filename="agent-manager/src/routes.rs" line-rate="0" branch-rate="0" complexity="0"><methods/><lines><line number="74" hits="0"/><line number="75" hits="0"/><line number="76" hits="0"/><line number="78" hits="0"/><line number="79" hits="0"/><line number="80" hits="0"/><line number="85" hits="0"/><line number="86" hits="0"/><line number="93" hits="0"/><line number="94" hits="0"/><line number="95" hits="0"/><line number="96" hits="0"/><line number="97" hits="0"/><line number="98" hits="0"/><line number="99" hits="0"/><line number="100" hits="0"/><line number="101" hits="0"/><line number="102" hits="0"/><line number="103" hits="0"/><line number="104" hits="0"/><line number="105" hits="0"/><line number="108" hits="0"/><line number="110" hits="0"/><line number="114" hits="0"/><line number="120" hits="0"/><line number="123" hits="0"/><line number="124" hits="0"/><line number="125" hits="0"/><line number="126" hits="0"/><line number="129" hits="0"/><line number="131" hits="0"/><line number="132" hits="0"/><line number="133" hits="0"/><line number="138" hits="0"/><line number="145" hits="0"/><line number="146" hits="0"/><line number="148" hits="0"/><line number="149" hits="0"/><line number="152" hits="0"/><line number="156" hits="0"/><line number="160" hits="0"/><line number="161" hits="0"/><line number="162" hits="0"/><line number="163" hits="0"/><line number="165" hits="0"/><line number="166" hits="0"/><line number="167" hits="0"/><line number="172" hits="0"/><line number="176" hits="0"/><line number="177" hits="0"/><line number="178" hits="0"/><line number="179" hits="0"/><line number="185" hits="0"/><line number="189" hits="0"/><line number="193" hits="0"/><line number="194" hits="0"/><line number="195" hits="0"/><line number="196" hits="0"/><line number="198" hits="0"/><line number="204" hits="0"/><line number="206" hits="0"/><line number="208" hits="0"/><line number="209" hits="0"/><line number="211" hits="0"/><line number="219" hits="0"/><line number="220" hits="0"/><line number="221" hits="0"/><line number="230" hits="0"/><line number="234" hits="0"/><line number="235" hits="0"/><line number="236" hits="0"/><line number="237" hits="0"/><line number="239" hits="0"/><line number="243" hits="0"/><line number="248" hits="0"/><line number="252" hits="0"/><line number="256" hits="0"/><line number="257" hits="0"/><line number="258" hits="0"/><line number="263" hits="0"/><line number="268" hits="0"/><line number="269" hits="0"/><line number="273" hits="0"/><line number="278" hits="0"/><line number="282" hits="0"/><line number="286" hits="0"/><line number="290" hits="0"/><line number="295" hits="0"/><line number="296" hits="0"/><line number="297" hits="0"/><line number="298" hits="0"/><line number="301" hits="0"/><line number="306" hits="0"/><line number="310" hits="0"/><line number="315" hits="0"/><line number="316" hits="0"/><line number="317" hits="0"/><line number="321" hits="0"/><line number="322" hits="0"/><line number="326" hits="0"/><line number="327" hits="0"/><line number="328" hits="0"/><line number="331" hits="0"/><line number="336" hits="0"/><line number="342" hits="0"/><line number="343" hits="0"/><line number="344" hits="0"/><line number="345" hits="0"/><line number="348" hits="0"/><line number="354" hits="0"/><line number="362" hits="0"/><line number="368" hits="0"/><line number="369" hits="0"/><line number="370" hits="0"/><line number="374" hits="0"/><line number="375" hits="0"/><line number="376" hits="0"/><line number="377" hits="0"/><line number="380" hits="0"/><line number="381" hits="0"/><line number="382" hits="0"/><line number="385" hits="0"/><line number="390" hits="0"/><line number="396" hits="0"/><line number="397" hits="0"/><line number="398" hits="0"/><line number="399" hits="0"/><line number="402" hits="0"/><line number="408" hits="0"/><line number="416" hits="0"/><line number="422" hits="0"/><line number="423" hits="0"/><line number="424" hits="0"/><line number="428" hits="0"/><line number="429" hits="0"/><line number="430" hits="0"/><line number="431" hits="0"/><line number="434" hits="0"/><line number="435" hits="0"/><line number="436" hits="0"/><line number="439" hits="0"/></lines></class></classes></package><package name="logseek/src/domain" line-rate="0.7142857142857143" branch-rate="0" complexity="0"><classes><class name="config" filename="logseek/src/domain/config.rs" line-rate="1" branch-rate="0" complexity="0"><methods/><lines><line number="24" hits="2"/><line number="25" hits="2"/></lines></class></classes></package><package name="opsbox-core/src" line-rate="0.17602427921092564" branch-rate="0" complexity="0"><classes><class name="database" filename="opsbox-core/src/database.rs" line-rate="0.3870967741935484" branch-rate="0" complexity="0"><methods/><lines><line number="19" hits="6"/><line number="29" hits="12"/><line number="30" hits="6"/><line number="33" hits="12"/><line number="34" hits="6"/><line number="36" hits="4"/><line number="40" hits="0"/><line number="42" hits="0"/><line number="43" hits="0"/><line number="44" hits="0"/><line number="47" hits="6"/><line number="48" hits="0"/><line number="49" hits="0"/><line number="50" hits="0"/><line number="51" hits="0"/><line number="52" hits="6"/><line number="54" hits="0"/><line number="56" hits="0"/><line number="60" hits="0"/><line number="61" hits="0"/><line number="62" hits="0"/><line number="63" hits="0"/><line number="64" hits="0"/><line number="65" hits="0"/><line number="69" hits="932"/><line number="70" hits="466"/><line number="72" hits="2330"/><line number="73" hits="0"/><line number="74" hits="0"/><line number="77" hits="466"/><line number="78" hits="0"/></lines></class><class name="error" filename="opsbox-core/src/error.rs" line-rate="0" branch-rate="0" complexity="0"><methods/><lines><line number="41" hits="0"/><line number="42" hits="0"/><line number="46" hits="0"/><line number="47" hits="0"/><line number="51" hits="0"/><line number="52" hits="0"/><line number="56" hits="0"/><line number="57" hits="0"/><line number="61" hits="0"/><line number="62" hits="0"/><line number="66" hits="0"/><line number="67" hits="0"/><line number="68" hits="0"/><line number="69" hits="0"/><line number="70" hits="0"/><line number="71" hits="0"/><line number="72" hits="0"/><line number="73" hits="0"/><line number="78" hits="0"/><line number="79" hits="0"/><line number="80" hits="0"/><line number="81" hits="0"/><line number="82" hits="0"/><line number="83" hits="0"/><line number="84" hits="0"/><line number="85" hits="0"/><line number="91" hits="0"/><line number="92" hits="0"/><line number="93" hits="0"/><line number="94" hits="0"/><line number="95" hits="0"/><line number="96" hits="0"/><line number="102" hits="0"/><line number="103" hits="0"/><line number="104" hits="0"/><line number="105" hits="0"/><line number="108" hits="0"/><line number="110" hits="0"/><line number="113" hits="0"/><line number="116" hits="0"/><line number="130" hits="0"/><line number="131" hits="0"/><line number="132" hits="0"/><line number="136" hits="0"/></lines></class><class name="llm" filename="opsbox-core/src/llm.rs" line-rate="0.1896551724137931" branch-rate="0" complexity="0"><methods/><lines><line number="103" hits="0"/><line number="104" hits="0"/><line number="130" hits="0"/><line number="131" hits="0"/><line number="132" hits="0"/><line number="133" hits="0"/><line number="135" hits="0"/><line number="165" hits="0"/><line number="166" hits="0"/><line number="167" hits="0"/><line number="168" hits="0"/><line number="171" hits="0"/><line number="188" hits="0"/><line number="189" hits="0"/><line number="190" hits="0"/><line number="191" hits="0"/><line number="192" hits="0"/><line number="193" hits="0"/><line number="195" hits="0"/><line number="196" hits="0"/><line number="199" hits="0"/><line number="204" hits="1"/><line number="205" hits="2"/><line number="209" hits="0"/><line number="210" hits="0"/><line number="221" hits="1"/><line number="222" hits="3"/><line number="223" hits="2"/><line number="224" hits="2"/><line number="227" hits="4"/><line number="228" hits="1"/><line number="231" hits="2"/><line number="235" hits="4"/><line number="237" hits="3"/><line number="287" hits="0"/><line number="329" hits="0"/><line number="338" hits="0"/><line number="357" hits="0"/><line number="363" hits="0"/><line number="401" hits="0"/><line number="402" hits="0"/><line number="403" hits="0"/><line number="404" hits="0"/><line number="407" hits="0"/><line number="408" hits="0"/><line number="411" hits="0"/><line number="419" hits="0"/><line number="420" hits="0"/><line number="421" hits="0"/><line number="422" hits="0"/><line number="424" hits="0"/><line number="426" hits="0"/><line number="468" hits="0"/><line number="508" hits="0"/><line number="523" hits="0"/><line number="542" hits="0"/><line number="548" hits="0"/><line number="554" hits="0"/></lines></class><class name="logging" filename="opsbox-core/src/logging.rs" line-rate="0" branch-rate="0" complexity="0"><methods/><lines><line number="49" hits="0"/><line number="50" hits="0"/><line number="51" hits="0"/><line number="84" hits="0"/><line number="85" hits="0"/><line number="86" hits="0"/><line number="87" hits="0"/><line number="88" hits="0"/><line number="89" hits="0"/><line number="90" hits="0"/><line number="95" hits="0"/><line number="96" hits="0"/><line number="97" hits="0"/><line number="98" hits="0"/><line number="99" hits="0"/><line number="100" hits="0"/><line number="101" hits="0"/><line number="109" hits="0"/><line number="110" hits="0"/><line number="111" hits="0"/><line number="112" hits="0"/><line number="113" hits="0"/><line number="114" hits="0"/><line number="115" hits="0"/><line number="116" hits="0"/><line number="122" hits="0"/><line number="123" hits="0"/><line number="124" hits="0"/><line number="125" hits="0"/><line number="126" hits="0"/><line number="127" hits="0"/><line number="128" hits="0"/><line number="151" hits="0"/><line number="154" hits="0"/><line number="158" hits="0"/><line number="170" hits="0"/><line number="171" hits="0"/><line number="176" hits="0"/><line number="178" hits="0"/><line number="185" hits="0"/><line number="187" hits="0"/><line number="188" hits="0"/><line number="192" hits="0"/><line number="193" hits="0"/><line number="194" hits="0"/><line number="207" hits="0"/><line number="208" hits="0"/><line number="218" hits="0"/><line number="219" hits="0"/><line number="220" hits="0"/><line number="221" hits="0"/><line number="223" hits="0"/><line number="224" hits="0"/><line number="225" hits="0"/><line number="245" hits="0"/><line number="247" hits="0"/><line number="248" hits="0"/><line number="249" hits="0"/><line number="250" hits="0"/><line number="252" hits="0"/><line number="253" hits="0"/><line number="254" hits="0"/><line number="274" hits="0"/><line number="277" hits="0"/><line number="281" hits="0"/><line number="282" hits="0"/><line number="283" hits="0"/><line number="284" hits="0"/><line number="285" hits="0"/><line number="287" hits="0"/><line number="288" hits="0"/></lines></class><class name="module" filename="opsbox-core/src/module.rs" line-rate="0" branch-rate="0" complexity="0"><methods/><lines><line number="19" hits="0"/><line number="30" hits="0"/><line number="39" hits="0"/><line number="48" hits="0"/><line number="49" hits="0"/><line number="50" hits="0"/><line number="59" hits="0"/><line number="60" hits="0"/></lines></class><class name="response" filename="opsbox-core/src/response.rs" line-rate="0" branch-rate="0" complexity="0"><methods/><lines><line number="4" hits="0"/><line number="5" hits="0"/><line number="22" hits="0"/><line number="25" hits="0"/><line number="31" hits="0"/><line number="35" hits="0"/><line number="40" hits="0"/><line number="43" hits="0"/><line number="44" hits="0"/><line number="50" hits="0"/><line number="51" hits="0"/><line number="56" hits="0"/><line number="57" hits="0"/><line number="61" hits="0"/><line number="62" hits="0"/><line number="66" hits="0"/><line number="67" hits="0"/><line number="71" hits="0"/><line number="72" hits="0"/><line number="76" hits="0"/><line number="77" hits="0"/></lines></class></classes></package><package name="opsbox-core/src/odfs/providers" line-rate="0.10619469026548672" branch-rate="0" complexity="0"><classes><class name="agent" filename="opsbox-core/src/odfs/providers/agent.rs" line-rate="0" branch-rate="0" complexity="0"><methods/><lines><line number="14" hits="0"/><line number="16" hits="0"/><line number="27" hits="0"/><line number="28" hits="0"/><line number="31" hits="0"/><line number="78" hits="0"/><line number="80" hits="0"/><line number="91" hits="0"/><line number="102" hits="0"/><line number="104" hits="0"/><line number="106" hits="0"/><line number="108" hits="0"/><line number="109" hits="0"/><line number="111" hits="0"/><line number="112" hits="0"/><line number="113" hits="0"/><line number="114" hits="0"/><line number="116" hits="0"/><line number="117" hits="0"/><line number="121" hits="0"/><line number="126" hits="0"/><line number="128" hits="0"/></lines></class><class name="local" filename="opsbox-core/src/odfs/providers/local.rs" line-rate="0.45" branch-rate="0" complexity="0"><methods/><lines><line number="19" hits="175"/><line number="21" hits="525"/><line number="26" hits="174"/><line number="27" hits="522"/><line number="28" hits="522"/><line number="31" hits="522"/><line number="32" hits="174"/><line number="38" hits="0"/><line number="39" hits="0"/><line number="42" hits="0"/><line number="74" hits="0"/><line number="113" hits="1"/><line number="119" hits="173"/><line number="147" hits="0"/><line number="149" hits="0"/><line number="151" hits="0"/><line number="152" hits="0"/><line number="153" hits="0"/><line number="154" hits="0"/><line number="157" hits="0"/></lines></class><class name="s3" filename="opsbox-core/src/odfs/providers/s3.rs" line-rate="0" branch-rate="0" complexity="0"><methods/><lines><line number="19" hits="0"/><line number="22" hits="0"/><line number="29" hits="0"/><line number="30" hits="0"/><line number="33" hits="0"/><line number="48" hits="0"/><line number="72" hits="0"/><line number="92" hits="0"/><line number="111" hits="0"/><line number="151" hits="0"/><line number="174" hits="0"/><line number="184" hits="0"/><line number="191" hits="0"/><line number="217" hits="0"/><line number="238" hits="0"/><line number="242" hits="0"/><line number="249" hits="0"/><line number="256" hits="0"/><line number="258" hits="0"/><line number="267" hits="0"/></lines></class></classes></package><package name="logseek/src" line-rate="0.5955610357583231" branch-rate="0" complexity="0"><classes><class name="agent" filename="logseek/src/agent.rs" line-rate="0.06818181818181818" branch-rate="0" complexity="0"><methods/><lines><line number="36" hits="0"/><line number="38" hits="0"/><line number="41" hits="0"/><line number="43" hits="0"/><line number="50" hits="0"/><line number="51" hits="0"/><line number="52" hits="0"/><line number="56" hits="0"/><line number="82" hits="0"/><line number="83" hits="0"/><line number="84" hits="0"/><line number="106" hits="12"/><line number="113" hits="48"/><line number="116" hits="24"/><line number="117" hits="24"/><line number="118" hits="12"/><line number="119" hits="48"/><line number="125" hits="0"/><line number="126" hits="0"/><line number="128" hits="0"/><line number="130" hits="0"/><line number="133" hits="0"/><line number="135" hits="0"/><line number="139" hits="0"/><line number="140" hits="0"/><line number="141" hits="0"/><line number="142" hits="0"/><line number="147" hits="0"/><line number="148" hits="0"/><line number="149" hits="0"/><line number="155" hits="0"/><line number="156" hits="0"/><line number="194" hits="0"/><line number="204" hits="0"/><line number="276" hits="0"/><line number="290" hits="0"/><line number="292" hits="0"/><line number="293" hits="0"/><line number="298" hits="0"/><line number="299" hits="0"/><line number="300" hits="0"/><line number="302" hits="0"/><line number="304" hits="0"/><line number="308" hits="0"/><line number="309" hits="0"/><line number="310" hits="0"/><line number="312" hits="0"/><line number="313" hits="0"/><line number="314" hits="0"/><line number="315" hits="0"/><line number="317" hits="0"/><line number="319" hits="0"/><line number="323" hits="0"/><line number="324" hits="0"/><line number="330" hits="0"/><line number="331" hits="0"/><line number="335" hits="0"/><line number="341" hits="0"/><line number="342" hits="0"/><line number="348" hits="0"/><line number="363" hits="0"/><line number="364" hits="0"/><line number="365" hits="0"/><line number="366" hits="0"/><line number="367" hits="0"/><line number="368" hits="0"/><line number="370" hits="0"/><line number="372" hits="0"/><line number="376" hits="0"/><line number="377" hits="0"/><line number="378" hits="0"/><line number="380" hits="0"/><line number="381" hits="0"/><line number="382" hits="0"/><line number="385" hits="0"/><line number="386" hits="0"/><line number="388" hits="0"/><line number="389" hits="0"/><line number="390" hits="0"/><line number="396" hits="0"/><line number="397" hits="0"/><line number="398" hits="0"/><line number="399" hits="0"/><line number="400" hits="0"/><line number="409" hits="0"/><line number="410" hits="0"/><line number="416" hits="0"/><line number="417" hits="0"/></lines></class><class name="lib" filename="logseek/src/lib.rs" line-rate="0.1875" branch-rate="0" complexity="0"><methods/><lines><line number="39" hits="0"/><line number="40" hits="0"/><line number="41" hits="0"/><line number="42" hits="0"/><line number="43" hits="0"/><line number="44" hits="0"/><line number="46" hits="0"/><line number="47" hits="0"/><line number="50" hits="0"/><line number="52" hits="0"/><line number="54" hits="0"/><line number="55" hits="0"/><line number="56" hits="0"/><line number="59" hits="0"/><line number="60" hits="0"/><line number="62" hits="0"/><line number="63" hits="0"/><line number="65" hits="0"/><line number="73" hits="0"/><line number="74" hits="0"/><line number="78" hits="176"/><line number="80" hits="176"/><line number="81" hits="88"/><line number="82" hits="88"/><line number="84" hits="88"/><line number="86" hits="88"/><line number="88" hits="88"/><line number="90" hits="88"/><line number="91" hits="88"/><line number="104" hits="0"/><line number="105" hits="0"/><line number="108" hits="0"/><line number="109" hits="0"/><line number="112" hits="0"/><line number="114" hits="0"/><line number="116" hits="0"/><line number="119" hits="0"/><line number="121" hits="0"/><line number="124" hits="0"/><line number="126" hits="0"/><line number="129" hits="0"/><line number="138" hits="0"/><line number="139" hits="0"/><line number="142" hits="0"/><line number="148" hits="0"/><line number="149" hits="0"/><line number="152" hits="0"/><line number="153" hits="0"/></lines></class><class name="query" filename="logseek/src/query.rs" line-rate="0.9493670886075949" branch-rate="0" complexity="0"><methods/><lines><line number="44" hits="747"/><line number="45" hits="747"/><line number="47" hits="657"/><line number="53" hits="72"/><line number="54" hits="208"/><line number="55" hits="100"/><line number="59" hits="1331"/><line number="60" hits="1331"/><line number="61" hits="1294"/><line number="62" hits="16"/><line number="63" hits="29"/><line number="64" hits="29"/><line number="80" hits="312"/><line number="81" hits="375"/><line number="82" hits="189"/><line number="84" hits="15"/><line number="86" hits="24"/><line number="87" hits="3"/><line number="89" hits="164"/><line number="90" hits="328"/><line number="92" hits="86"/><line number="94" hits="8"/><line number="95" hits="1"/><line number="120" hits="5"/><line number="121" hits="15"/><line number="122" hits="0"/><line number="124" hits="5"/><line number="127" hits="30"/><line number="131" hits="10"/><line number="133" hits="5"/><line number="137" hits="1"/><line number="138" hits="2"/><line number="139" hits="1"/><line number="140" hits="1"/><line number="144" hits="1"/><line number="147" hits="0"/><line number="151" hits="0"/><line number="155" hits="1"/><line number="158" hits="2"/><line number="159" hits="6"/><line number="160" hits="14"/><line number="163" hits="6"/><line number="164" hits="1"/><line number="166" hits="1"/><line number="169" hits="6"/><line number="171" hits="8"/><line number="172" hits="6"/><line number="177" hits="2"/><line number="179" hits="2"/><line number="192" hits="270"/><line number="193" hits="540"/><line number="196" hits="104"/><line number="197" hits="208"/><line number="198" hits="208"/><line number="201" hits="104"/><line number="202" hits="208"/><line number="203" hits="104"/><line number="206" hits="303"/><line number="207" hits="606"/><line number="208" hits="1720"/><line number="210" hits="0"/><line number="215" hits="1572"/><line number="216" hits="1572"/><line number="217" hits="1473"/><line number="218" hits="2920"/><line number="219" hits="1447"/><line number="222" hits="100"/><line number="223" hits="79"/><line number="224" hits="2403"/><line number="231" hits="435"/><line number="232" hits="435"/><line number="233" hits="710"/><line number="234" hits="39"/><line number="235" hits="208"/><line number="236" hits="261"/><line number="241" hits="14"/><line number="244" hits="28"/><line number="247" hits="14"/><line number="251" hits="14"/></lines></class><class name="routes" filename="logseek/src/routes.rs" line-rate="1" branch-rate="0" complexity="0"><methods/><lines><line number="22" hits="1"/><line number="23" hits="1"/><line number="25" hits="3"/><line number="28" hits="1"/><line number="30" hits="3"/><line number="31" hits="3"/><line number="32" hits="3"/><line number="33" hits="3"/><line number="36" hits="2"/><line number="41" hits="2"/><line number="45" hits="1"/><line number="49" hits="1"/><line number="51" hits="3"/><line number="54" hits="2"/><line number="59" hits="2"/><line number="61" hits="3"/><line number="65" hits="2"/><line number="69" hits="2"/><line number="72" hits="3"/><line number="73" hits="3"/><line number="76" hits="2"/><line number="79" hits="3"/><line number="80" hits="2"/></lines></class></classes></package><package name="logseek/src/service" line-rate="0.5301866081229418" branch-rate="0" complexity="0"><classes><class name="encoding" filename="logseek/src/service/encoding.rs" line-rate="0.5761589403973509" branch-rate="0" complexity="0"><methods/><lines><line number="8" hits="7"/><line number="10" hits="7"/><line number="11" hits="7"/><line number="12" hits="7"/><line number="14" hits="1"/><line number="15" hits="1"/><line number="19" hits="1"/><line number="20" hits="1"/><line number="22" hits="5"/><line number="26" hits="5"/><line number="27" hits="10"/><line number="29" hits="1"/><line number="30" hits="1"/><line number="36" hits="4"/><line number="39" hits="0"/><line number="40" hits="0"/><line number="42" hits="0"/><line number="43" hits="0"/><line number="44" hits="0"/><line number="54" hits="0"/><line number="59" hits="3"/><line number="60" hits="12"/><line number="61" hits="9"/><line number="62" hits="3"/><line number="63" hits="3"/><line number="68" hits="6"/><line number="69" hits="18"/><line number="71" hits="24"/><line number="73" hits="6"/><line number="74" hits="0"/><line number="77" hits="24"/><line number="82" hits="18"/><line number="83" hits="6"/><line number="84" hits="6"/><line number="85" hits="12"/><line number="86" hits="6"/><line number="87" hits="12"/><line number="89" hits="0"/><line number="92" hits="6"/><line number="95" hits="5"/><line number="100" hits="15"/><line number="102" hits="15"/><line number="103" hits="5"/><line number="104" hits="0"/><line number="105" hits="0"/><line number="106" hits="0"/><line number="107" hits="0"/><line number="109" hits="0"/><line number="114" hits="20"/><line number="115" hits="14"/><line number="117" hits="10"/><line number="118" hits="18"/><line number="120" hits="1"/><line number="123" hits="11"/><line number="124" hits="0"/><line number="127" hits="20"/><line number="128" hits="0"/><line number="129" hits="22"/><line number="130" hits="44"/><line number="131" hits="0"/><line number="132" hits="9"/><line number="133" hits="4"/><line number="135" hits="0"/><line number="138" hits="0"/><line number="139" hits="6"/><line number="140" hits="0"/><line number="141" hits="0"/><line number="142" hits="0"/><line number="143" hits="0"/><line number="144" hits="0"/><line number="146" hits="0"/><line number="151" hits="0"/><line number="152" hits="0"/><line number="153" hits="4"/><line number="154" hits="20"/><line number="155" hits="4"/><line number="159" hits="0"/><line number="162" hits="2"/><line number="167" hits="4"/><line number="169" hits="7"/><line number="170" hits="2"/><line number="172" hits="0"/><line number="174" hits="6"/><line number="176" hits="4"/><line number="177" hits="0"/><line number="178" hits="16"/><line number="179" hits="0"/><line number="180" hits="2"/><line number="182" hits="0"/><line number="185" hits="0"/><line number="186" hits="0"/><line number="187" hits="0"/><line number="190" hits="0"/><line number="193" hits="2"/><line number="198" hits="4"/><line number="199" hits="6"/><line number="201" hits="4"/><line number="202" hits="0"/><line number="203" hits="12"/><line number="204" hits="0"/><line number="205" hits="2"/><line number="207" hits="0"/><line number="210" hits="0"/><line number="213" hits="7"/><line number="214" hits="14"/><line number="215" hits="1"/><line number="219" hits="4"/><line number="227" hits="388"/><line number="235" hits="1"/><line number="244" hits="0"/><line number="248" hits="3"/><line number="252" hits="9"/><line number="253" hits="6"/><line number="254" hits="6"/><line number="255" hits="6"/><line number="257" hits="6"/><line number="258" hits="24"/><line number="259" hits="0"/><line number="260" hits="3"/><line number="262" hits="0"/><line number="263" hits="0"/><line number="264" hits="0"/><line number="268" hits="3"/><line number="269" hits="0"/><line number="270" hits="0"/><line number="274" hits="7"/><line number="275" hits="0"/><line number="276" hits="0"/><line number="277" hits="0"/><line number="278" hits="0"/><line number="279" hits="0"/><line number="280" hits="0"/><line number="281" hits="0"/><line number="282" hits="0"/><line number="283" hits="0"/><line number="284" hits="0"/><line number="285" hits="0"/><line number="288" hits="0"/><line number="289" hits="3"/><line number="290" hits="0"/><line number="291" hits="0"/><line number="292" hits="0"/><line number="296" hits="2"/><line number="297" hits="6"/><line number="298" hits="0"/><line number="302" hits="3"/><line number="303" hits="6"/><line number="304" hits="2"/><line number="305" hits="0"/><line number="307" hits="1"/><line number="310" hits="0"/></lines></class><class name="entry_stream" filename="logseek/src/service/entry_stream.rs" line-rate="0.3891891891891892" branch-rate="0" complexity="0"><methods/><lines><line number="20" hits="190"/><line number="22" hits="196"/><line number="23" hits="11"/><line number="57" hits="58"/><line number="58" hits="87"/><line number="59" hits="87"/><line number="62" hits="224"/><line number="65" hits="28"/><line number="71" hits="1"/><line number="88" hits="183"/><line number="91" hits="366"/><line number="92" hits="366"/><line number="99" hits="0"/><line number="100" hits="0"/><line number="101" hits="0"/><line number="105" hits="172"/><line number="106" hits="344"/><line number="107" hits="172"/><line number="111" hits="30"/><line number="112" hits="90"/><line number="113" hits="30"/><line number="117" hits="0"/><line number="118" hits="0"/><line number="119" hits="0"/><line number="123" hits="183"/><line number="128" hits="549"/><line number="129" hits="366"/><line number="130" hits="549"/><line number="131" hits="366"/><line number="135" hits="1124"/><line number="136" hits="0"/><line number="137" hits="0"/><line number="140" hits="0"/><line number="141" hits="0"/><line number="143" hits="0"/><line number="148" hits="324"/><line number="151" hits="81"/><line number="155" hits="940"/><line number="156" hits="298"/><line number="157" hits="170"/><line number="162" hits="274"/><line number="164" hits="274"/><line number="168" hits="732"/><line number="169" hits="0"/><line number="170" hits="0"/><line number="171" hits="732"/><line number="172" hits="732"/><line number="173" hits="732"/><line number="178" hits="0"/><line number="179" hits="0"/><line number="183" hits="0"/><line number="186" hits="0"/><line number="187" hits="0"/><line number="188" hits="0"/><line number="189" hits="0"/><line number="190" hits="0"/><line number="191" hits="0"/><line number="197" hits="0"/><line number="200" hits="0"/><line number="203" hits="72"/><line number="209" hits="563"/><line number="210" hits="528"/><line number="211" hits="87"/><line number="217" hits="87"/><line number="218" hits="0"/><line number="219" hits="0"/><line number="220" hits="0"/><line number="225" hits="585"/><line number="231" hits="24"/><line number="232" hits="24"/><line number="235" hits="0"/><line number="237" hits="0"/><line number="245" hits="24"/><line number="246" hits="72"/><line number="247" hits="24"/><line number="248" hits="24"/><line number="249" hits="96"/><line number="251" hits="24"/><line number="253" hits="20"/><line number="254" hits="40"/><line number="255" hits="80"/><line number="257" hits="4"/><line number="258" hits="0"/><line number="259" hits="0"/><line number="260" hits="0"/><line number="261" hits="0"/><line number="262" hits="0"/><line number="263" hits="0"/><line number="264" hits="0"/><line number="265" hits="0"/><line number="267" hits="0"/><line number="270" hits="0"/><line number="276" hits="0"/><line number="278" hits="0"/><line number="279" hits="0"/><line number="281" hits="0"/><line number="283" hits="0"/><line number="288" hits="0"/><line number="298" hits="0"/><line number="299" hits="0"/><line number="300" hits="0"/><line number="301" hits="0"/><line number="305" hits="0"/><line number="306" hits="0"/><line number="307" hits="0"/><line number="308" hits="0"/><line number="309" hits="0"/><line number="310" hits="0"/><line number="311" hits="0"/><line number="312" hits="0"/><line number="313" hits="0"/><line number="315" hits="0"/><line number="317" hits="0"/><line number="320" hits="0"/><line number="322" hits="0"/><line number="323" hits="0"/><line number="324" hits="0"/><line number="325" hits="0"/><line number="326" hits="0"/><line number="327" hits="0"/><line number="328" hits="0"/><line number="330" hits="0"/><line number="335" hits="187"/><line number="340" hits="187"/><line number="341" hits="1309"/><line number="342" hits="95"/><line number="343" hits="190"/><line number="344" hits="380"/><line number="346" hits="92"/><line number="347" hits="0"/><line number="348" hits="0"/><line number="349" hits="0"/><line number="350" hits="0"/><line number="351" hits="0"/><line number="352" hits="0"/><line number="353" hits="0"/><line number="354" hits="0"/><line number="356" hits="0"/><line number="359" hits="0"/><line number="368" hits="1030"/><line number="372" hits="170"/><line number="380" hits="174"/><line number="386" hits="522"/><line number="387" hits="174"/><line number="388" hits="0"/><line number="389" hits="0"/><line number="390" hits="0"/><line number="392" hits="0"/><line number="393" hits="0"/><line number="394" hits="0"/><line number="396" hits="0"/><line number="399" hits="348"/><line number="401" hits="696"/><line number="402" hits="696"/><line number="403" hits="174"/><line number="411" hits="3"/><line number="415" hits="9"/><line number="418" hits="3"/><line number="421" hits="0"/><line number="423" hits="0"/><line number="424" hits="0"/><line number="425" hits="0"/><line number="426" hits="0"/><line number="434" hits="0"/><line number="446" hits="0"/><line number="447" hits="0"/><line number="458" hits="0"/><line number="469" hits="0"/><line number="470" hits="0"/><line number="471" hits="0"/><line number="473" hits="0"/><line number="474" hits="0"/><line number="478" hits="0"/><line number="481" hits="0"/><line number="482" hits="0"/><line number="483" hits="0"/><line number="486" hits="0"/><line number="487" hits="0"/><line number="490" hits="0"/><line number="491" hits="0"/><line number="494" hits="0"/><line number="495" hits="0"/><line number="498" hits="0"/><line number="501" hits="0"/><line number="502" hits="0"/></lines></class><class name="error" filename="logseek/src/service/error.rs" line-rate="1" branch-rate="0" complexity="0"><methods/><lines><line number="33" hits="1"/><line number="34" hits="1"/></lines></class><class name="nl2q" filename="logseek/src/service/nl2q.rs" line-rate="0.3673469387755102" branch-rate="0" complexity="0"><methods/><lines><line number="37" hits="8"/><line number="41" hits="8"/><line number="45" hits="8"/><line number="47" hits="24"/><line number="51" hits="14"/><line number="52" hits="42"/><line number="53" hits="39"/><line number="54" hits="11"/><line number="59" hits="3"/><line number="63" hits="14"/><line number="66" hits="0"/><line number="67" hits="0"/><line number="69" hits="0"/><line number="70" hits="0"/><line number="73" hits="0"/><line number="74" hits="0"/><line number="75" hits="0"/><line number="76" hits="0"/><line number="77" hits="0"/><line number="78" hits="0"/><line number="79" hits="0"/><line number="94" hits="0"/><line number="96" hits="0"/><line number="97" hits="0"/><line number="98" hits="0"/><line number="101" hits="0"/><line number="104" hits="0"/><line number="105" hits="0"/><line number="112" hits="0"/><line number="114" hits="0"/><line number="115" hits="0"/><line number="116" hits="0"/><line number="117" hits="0"/><line number="120" hits="0"/><line number="121" hits="0"/><line number="126" hits="0"/><line number="127" hits="0"/><line number="130" hits="0"/><line number="135" hits="4"/><line number="136" hits="5"/><line number="137" hits="2"/><line number="138" hits="5"/><line number="140" hits="1"/><line number="141" hits="1"/><line number="143" hits="1"/><line number="144" hits="1"/><line number="156" hits="0"/><line number="157" hits="0"/><line number="158" hits="0"/></lines></class><class name="search" filename="logseek/src/service/search.rs" line-rate="0.4888268156424581" branch-rate="0" complexity="0"><methods/><lines><line number="33" hits="2"/><line number="35" hits="6"/><line number="36" hits="2"/><line number="77" hits="30"/><line number="86" hits="174"/><line number="102" hits="100"/><line number="103" hits="300"/><line number="110" hits="179"/><line number="111" hits="357"/><l
[...]
<line number="158" hits="4083"/><line number="161" hits="1"/><line number="162" hits="1"/><line number="167" hits="999"/><line number="171" hits="38"/><line number="174" hits="305"/><line number="177" hits="1335"/><line number="178" hits="4005"/><line number="179" hits="1335"/><line number="180" hits="2"/><line number="182" hits="6665"/><line number="184" hits="2738"/><line number="186" hits="5"/><line number="188" hits="1"/><line number="189" hits="1"/><line number="192" hits="20"/><line number="200" hits="190"/><line number="202" hits="1326"/><line number="205" hits="1326"/><line number="206" hits="1294"/><line number="208" hits="32"/><line number="212" hits="1340"/><line number="213" hits="3"/><line number="214" hits="2680"/><line number="223" hits="1375"/><line number="224" hits="4113"/><line number="225" hits="12"/><line number="226" hits="48"/><line number="232" hits="1375"/><line number="233" hits="2750"/><line number="236" hits="23"/><line number="238" hits="23"/><line number="243" hits="21"/><line number="244" hits="2"/><line number="248" hits="1312"/><line number="251" hits="3936"/><line number="252" hits="3936"/><line number="253" hits="1312"/><line number="256" hits="8"/><line number="259" hits="24"/><line number="260" hits="24"/><line number="261" hits="8"/><line number="264" hits="31"/><line number="265" hits="31"/><line number="268" hits="31"/><line number="269" hits="108"/><line number="270" hits="59"/><line number="271" hits="10"/><line number="273" hits="0"/><line number="274" hits="0"/><line number="275" hits="0"/><line number="276" hits="0"/><line number="281" hits="21"/><line number="283" hits="3"/><line number="284" hits="3"/><line number="285" hits="6"/><line number="286" hits="3"/><line number="295" hits="0"/><line number="296" hits="1"/></lines></class></classes></package><package name="logseek/src/api" line-rate="0.7169811320754716" branch-rate="0" complexity="0"><classes><class name="error" filename="logseek/src/api/error.rs" line-rate="0.5714285714285714" branch-rate="0" complexity="0"><methods/><lines><line number="41" hits="16"/><line number="42" hits="31"/><line number="44" hits="9"/><line number="46" hits="1"/><line number="48" hits="3"/><line number="50" hits="2"/><line number="53" hits="1"/><line number="55" hits="1"/><line number="56" hits="1"/><line number="57" hits="1"/><line number="58" hits="1"/><line number="60" hits="1"/><line number="62" hits="5"/><line number="63" hits="2"/><line number="68" hits="8"/><line number="69" hits="2"/><line number="70" hits="1"/><line number="72" hits="1"/><line number="75" hits="0"/><line number="78" hits="0"/><line number="83" hits="1"/><line number="86" hits="0"/><line number="87" hits="2"/><line number="90" hits="0"/><line number="93" hits="0"/><line number="94" hits="0"/><line number="95" hits="0"/><line number="96" hits="0"/><line number="97" hits="0"/><line number="98" hits="0"/><line number="99" hits="0"/><line number="100" hits="0"/><line number="102" hits="0"/><line number="107" hits="0"/><line number="117" hits="0"/></lines></class><class name="models" filename="logseek/src/api/models.rs" line-rate="1" branch-rate="0" complexity="0"><methods/><lines><line number="34" hits="2"/><line number="36" hits="4"/><line number="37" hits="2"/><line number="38" hits="2"/><line number="44" hits="2"/><line number="46" hits="4"/><line number="47" hits="4"/><line number="48" hits="2"/><line number="76" hits="1"/><line number="78" hits="2"/><line number="79" hits="2"/><line number="80" hits="1"/><line number="81" hits="1"/><line number="87" hits="1"/><line number="89" hits="2"/><line number="90" hits="2"/><line number="91" hits="1"/><line number="92" hits="1"/></lines></class></classes></package><package name="explorer/src" line-rate="0" branch-rate="0" complexity="0"><classes></classes></package><package name="opsbox-server/tests" line-rate="0" branch-rate="0" complexity="0"><classes></classes></package><package name="opsbox-core/src/repository" line-rate="0.8076923076923077" branch-rate="0" complexity="0"><classes><class name="s3" filename="opsbox-core/src/repository/s3.rs" line-rate="0.8076923076923077" branch-rate="0" complexity="0"><methods/><lines><line number="24" hits="22"/><line number="25" hits="33"/><line number="26" hits="1"/><line number="28" hits="10"/><line number="30" hits="11"/><line number="35" hits="33"/><line number="36" hits="22"/><line number="37" hits="11"/><line number="38" hits="11"/><line number="40" hits="0"/><line number="41" hits="9"/><line number="42" hits="9"/><line number="43" hits="9"/><line number="44" hits="9"/><line number="49" hits="314"/><line number="53" hits="314"/><line number="54" hits="157"/><line number="55" hits="157"/><line number="58" hits="0"/><line number="59" hits="0"/><line number="60" hits="0"/><line number="61" hits="1"/><line number="62" hits="1"/><line number="63" hits="1"/><line number="64" hits="1"/><line number="66" hits="0"/></lines></class></classes></package><package name="opsbox-core/src/odfs/providers/archive" line-rate="0.058823529411764705" branch-rate="0" complexity="0"><classes><class name="cache" filename="opsbox-core/src/odfs/providers/archive/cache.rs" line-rate="0.125" branch-rate="0" complexity="0"><methods/><lines><line number="17" hits="174"/><line number="18" hits="870"/><line number="20" hits="348"/><line number="24" hits="0"/><line number="36" hits="0"/><line number="37" hits="0"/><line number="38" hits="0"/><line number="43" hits="0"/><line number="46" hits="0"/><line number="47" hits="0"/><line number="48" hits="0"/><line number="50" hits="0"/><line number="54" hits="0"/><line number="55" hits="0"/><line number="57" hits="0"/><line number="58" hits="0"/><line number="61" hits="0"/><line number="62" hits="0"/><line number="63" hits="0"/><line number="64" hits="0"/><line number="66" hits="0"/><line number="71" hits="0"/><line number="72" hits="0"/><line number="75" hits="0"/></lines></class><class name="tar" filename="opsbox-core/src/odfs/providers/archive/tar.rs" line-rate="0" branch-rate="0" complexity="0"><methods/><lines><line number="20" hits="0"/><line number="21" hits="0"/><line number="22" hits="0"/><line number="26" hits="0"/><line number="27" hits="0"/><line number="35" hits="0"/><line number="36" hits="0"/><line number="39" hits="0"/><line number="76" hits="0"/><line number="152" hits="0"/></lines></class><class name="zip" filename="opsbox-core/src/odfs/providers/archive/zip.rs" line-rate="0" branch-rate="0" complexity="0"><methods/><lines><line number="20" hits="0"/><line number="21" hits="0"/><line number="22" hits="0"/><line number="26" hits="0"/><line number="27" hits="0"/><line number="31" hits="0"/><line number="37" hits="0"/><line number="38" hits="0"/><line number="41" hits="0"/><line number="49" hits="0"/><line number="73" hits="0"/><line number="93" hits="0"/><line number="115" hits="0"/><line number="175" hits="0"/><line number="183" hits="0"/><line number="202" hits="0"/><line number="208" hits="0"/></lines></class></classes></package><package name="logseek/src/domain/source_planner" line-rate="0.7087378640776699" branch-rate="0" complexity="0"><classes><class name="starlark_runtime" filename="logseek/src/domain/source_planner/starlark_runtime.rs" line-rate="0.7029702970297029" branch-rate="0" complexity="0"><methods/><lines><line number="24" hits="145"/><line number="29" hits="725"/><line number="33" hits="156"/><line number="43" hits="327"/><line number="47" hits="420"/><line number="48" hits="278"/><line number="50" hits="1"/><line number="51" hits="1"/><line number="54" hits="0"/><line number="55" hits="0"/><line number="56" hits="0"/><line number="57" hits="0"/><line number="70" hits="155"/><line number="74" hits="310"/><line number="75" hits="155"/><line number="77" hits="155"/><line number="80" hits="465"/><line number="98" hits="467"/><line number="99" hits="156"/><line number="100" hits="156"/><line number="101" hits="156"/><line number="102" hits="156"/><line number="103" hits="156"/><line number="104" hits="156"/><line number="105" hits="156"/><line number="107" hits="156"/><line number="114" hits="155"/><line number="125" hits="155"/><line number="130" hits="0"/><line number="131" hits="0"/><line number="132" hits="0"/><line number="144" hits="158"/><line number="148" hits="760"/><line number="150" hits="0"/><line number="155" hits="0"/><line number="156" hits="0"/><line number="167" hits="155"/><line number="168" hits="1"/><line number="182" hits="1"/><line number="183" hits="2"/><line number="186" hits="1"/><line number="202" hits="0"/><line number="203" hits="0"/><line number="207" hits="154"/><line number="208" hits="308"/><line number="210" hits="154"/><line number="211" hits="0"/><line number="215" hits="154"/><line number="216" hits="0"/><line number="220" hits="534"/><line number="221" hits="1068"/><line number="222" hits="0"/><line number="225" hits="267"/><line number="226" hits="0"/><line number="229" hits="0"/><line number="233" hits="154"/><line number="248" hits="158"/><line number="250" hits="474"/><line number="251" hits="474"/><line number="252" hits="474"/><line number="254" hits="790"/><line number="255" hits="4518"/><line number="256" hits="1"/><line number="257" hits="19"/><line number="258" hits="2"/><line number="260" hits="2181"/><line number="261" hits="38"/><line number="262" hits="4"/><line number="264" hits="2179"/><line number="265" hits="2"/><line number="266" hits="36"/><line number="268" hits="4"/><line number="272" hits="1422"/><line number="274" hits="475"/><line number="277" hits="314"/><line number="278" hits="6"/><line number="279" hits="0"/><line number="283" hits="0"/><line number="284" hits="0"/><line number="285" hits="0"/><line number="287" hits="155"/><line number="291" hits="1738"/><line number="292" hits="632"/><line number="294" hits="316"/><line number="296" hits="8874"/><line number="300" hits="158"/><line number="304" hits="0"/><line number="311" hits="0"/><line number="316" hits="0"/><line number="318" hits="0"/><line number="323" hits="0"/><line number="328" hits="0"/><line number="332" hits="304"/><line number="333" hits="608"/><line number="334" hits="152"/><line number="335" hits="0"/><line number="336" hits="0"/><line number="337" hits="0"/><line number="343" hits="158"/><line number="344" hits="632"/><line number="345" hits="316"/></lines></class><class name="types" filename="logseek/src/domain/source_planner/types.rs" line-rate="1" branch-rate="0" complexity="0"><methods/><lines><line number="10" hits="158"/><line number="11" hits="158"/></lines></class></classes></package><package name="agent/tests" line-rate="0" branch-rate="0" complexity="0"><classes></classes></package><package name="agent/src" line-rate="0" branch-rate="0" complexity="0"><classes><class name="daemon_windows" filename="agent/src/daemon_windows.rs" line-rate="0" branch-rate="0" complexity="0"><methods/><lines><line number="59" hits="0"/><line number="60" hits="0"/><line number="62" hits="0"/><line number="66" hits="0"/><line number="67" hits="0"/><line number="68" hits="0"/><line number="69" hits="0"/><line number="71" hits="0"/><line number="72" hits="0"/><line number="74" hits="0"/><line number="76" hits="0"/><line number="77" hits="0"/><line number="78" hits="0"/><line number="82" hits="0"/><line number="85" hits="0"/><line number="86" hits="0"/><line number="87" hits="0"/><line number="88" hits="0"/><line number="89" hits="0"/><line number="90" hits="0"/><line number="91" hits="0"/><line number="92" hits="0"/><line number="95" hits="0"/><line number="98" hits="0"/><line number="99" hits="0"/><line number="100" hits="0"/><line number="104" hits="0"/><line number="105" hits="0"/><line number="106" hits="0"/><line number="107" hits="0"/><line number="108" hits="0"/><line number="109" hits="0"/><line number="110" hits="0"/><line number="112" hits="0"/><line number="113" hits="0"/><line number="114" hits="0"/><line number="115" hits="0"/><line number="116" hits="0"/><line number="117" hits="0"/><line number="118" hits="0"/><line number="119" hits="0"/><line number="122" hits="0"/><line number="128" hits="0"/><line number="129" hits="0"/><line number="130" hits="0"/><line number="132" hits="0"/><line number="133" hits="0"/><line number="135" hits="0"/><line number="137" hits="0"/><line number="138" hits="0"/><line number="140" hits="0"/><line number="141" hits="0"/><line number="142" hits="0"/><line number="143" hits="0"/><line number="144" hits="0"/><line number="145" hits="0"/><line number="146" hits="0"/><line number="147" hits="0"/><line number="149" hits="0"/><line number="153" hits="0"/><line number="155" hits="0"/><line number="156" hits="0"/><line number="157" hits="0"/><line number="158" hits="0"/><line number="159" hits="0"/><line number="160" hits="0"/><line number="161" hits="0"/><line number="162" hits="0"/><line number="163" hits="0"/><line number="164" hits="0"/><line number="166" hits="0"/><line number="168" hits="0"/><line number="169" hits="0"/><line number="170" hits="0"/><line number="171" hits="0"/><line number="172" hits="0"/><line number="173" hits="0"/><line number="174" hits="0"/><line number="175" hits="0"/><line number="176" hits="0"/><line number="178" hits="0"/><line number="182" hits="0"/><line number="183" hits="0"/><line number="184" hits="0"/><line number="185" hits="0"/><line number="186" hits="0"/><line number="187" hits="0"/><line number="189" hits="0"/><line number="193" hits="0"/><line number="194" hits="0"/><line number="195" hits="0"/><line number="196" hits="0"/><line number="197" hits="0"/><line number="198" hits="0"/><line number="199" hits="0"/><line number="200" hits="0"/><line number="201" hits="0"/><line number="202" hits="0"/><line number="203" hits="0"/><line number="208" hits="0"/><line number="209" hits="0"/><line number="211" hits="0"/><line number="212" hits="0"/><line number="213" hits="0"/><line number="214" hits="0"/><line number="215" hits="0"/><line number="216" hits="0"/><line number="217" hits="0"/><line number="218" hits="0"/><line number="220" hits="0"/><line number="221" hits="0"/><line number="224" hits="0"/><line number="225" hits="0"/><line number="227" hits="0"/><line number="228" hits="0"/><line number="229" hits="0"/><line number="230" hits="0"/><line number="231" hits="0"/><line number="232" hits="0"/><line number="233" hits="0"/><line number="234" hits="0"/><line number="236" hits="0"/><line number="239" hits="0"/><line number="243" hits="0"/><line number="244" hits="0"/><line number="245" hits="0"/><line number="248" hits="0"/><line number="251" hits="0"/><line number="252" hits="0"/><line number="253" hits="0"/><line number="254" hits="0"/><line number="255" hits="0"/><line number="256" hits="0"/><line number="257" hits="0"/><line number="258" hits="0"/><line number="262" hits="0"/><line number="265" hits="0"/><line number="266" hits="0"/><line number="267" hits="0"/><line number="268" hits="0"/><line number="271" hits="0"/><line number="272" hits="0"/><line number="276" hits="0"/><line number="277" hits="0"/><line number="278" hits="0"/><line number="279" hits="0"/><line number="280" hits="0"/><line number="281" hits="0"/><line number="282" hits="0"/><line number="283" hits="0"/><line number="286" hits="0"/><line number="287" hits="0"/></lines></class></classes></package><package name="opsbox-server/src" line-rate="0" branch-rate="0" complexity="0"><classes><class name="daemon_windows" filename="opsbox-server/src/daemon_windows.rs" line-rate="0" branch-rate="0" complexity="0"><methods/><lines><line number="52" hits="0"/><line number="53" hits="0"/><line number="55" hits="0"/><line number="59" hits="0"/><line number="60" hits="0"/><line number="61" hits="0"/><line number="62" hits="0"/><line number="64" hits="0"/><line number="65" hits="0"/><line number="67" hits="0"/><line number="69" hits="0"/><line number="70" hits="0"/><line number="71" hits="0"/><line number="75" hits="0"/><line number="78" hits="0"/><line number="79" hits="0"/><line number="80" hits="0"/><line number="81" hits="0"/><line number="82" hits="0"/><line number="83" hits="0"/><line number="84" hits="0"/><line number="85" hits="0"/><line number="88" hits="0"/><line number="91" hits="0"/><line number="92" hits="0"/><line number="93" hits="0"/><line number="97" hits="0"/><line number="98" hits="0"/><line number="99" hits="0"/><line number="100" hits="0"/><line number="101" hits="0"/><line number="102" hits="0"/><line number="103" hits="0"/><line number="105" hits="0"/><line number="106" hits="0"/><line number="107" hits="0"/><line number="108" hits="0"/><line number="109" hits="0"/><line number="110" hits="0"/><line number="111" hits="0"/><line number="112" hits="0"/><line number="115" hits="0"/><line number="121" hits="0"/><line number="122" hits="0"/><line number="123" hits="0"/><line number="125" hits="0"/><line number="126" hits="0"/><line number="128" hits="0"/><line number="130" hits="0"/><line number="131" hits="0"/><line number="133" hits="0"/><line number="134" hits="0"/><line number="135" hits="0"/><line number="136" hits="0"/><line number="137" hits="0"/><line number="138" hits="0"/><line number="139" hits="0"/><line number="140" hits="0"/><line number="142" hits="0"/><line number="146" hits="0"/><line number="148" hits="0"/><line number="149" hits="0"/><line number="150" hits="0"/><line number="151" hits="0"/><line number="152" hits="0"/><line number="153" hits="0"/><line number="154" hits="0"/><line number="155" hits="0"/><line number="156" hits="0"/><line number="157" hits="0"/><line number="159" hits="0"/><line number="161" hits="0"/><line number="162" hits="0"/><line number="163" hits="0"/><line number="164" hits="0"/><line number="165" hits="0"/><line number="166" hits="0"/><line number="167" hits="0"/><line number="168" hits="0"/><line number="169" hits="0"/><line number="171" hits="0"/><line number="175" hits="0"/><line number="176" hits="0"/><line number="177" hits="0"/><line number="178" hits="0"/><line number="179" hits="0"/><line number="180" hits="0"/><line number="182" hits="0"/><line number="186" hits="0"/><line number="187" hits="0"/><line number="188" hits="0"/><line number="189" hits="0"/><line number="190" hits="0"/><line number="191" hits="0"/><line number="192" hits="0"/><line number="193" hits="0"/><line number="194" hits="0"/><line number="195" hits="0"/><line number="196" hits="0"/><line number="201" hits="0"/><line number="202" hits="0"/><line number="204" hits="0"/><line number="205" hits="0"/><line number="206" hits="0"/><line number="207" hits="0"/><line number="208" hits="0"/><line number="209" hits="0"/><line number="210" hits="0"/><line number="211" hits="0"/><line number="213" hits="0"/><line number="214" hits="0"/><line number="217" hits="0"/><line number="218" hits="0"/><line number="220" hits="0"/><line number="221" hits="0"/><line number="222" hits="0"/><line number="223" hits="0"/><line number="224" hits="0"/><line number="225" hits="0"/><line number="226" hits="0"/><line number="227" hits="0"/><line number="229" hits="0"/><line number="232" hits="0"/><line number="236" hits="0"/><line number="237" hits="0"/><line number="238" hits="0"/><line number="241" hits="0"/><line number="244" hits="0"/><line number="245" hits="0"/><line number="246" hits="0"/><line number="247" hits="0"/><line number="248" hits="0"/><line number="249" hits="0"/><line number="250" hits="0"/><line number="251" hits="0"/><line number="255" hits="0"/><line number="258" hits="0"/><line number="259" hits="0"/><line number="260" hits="0"/><line number="261" hits="0"/><line number="264" hits="0"/><line number="265" hits="0"/><line number="269" hits="0"/><line number="270" hits="0"/><line number="271" hits="0"/><line number="272" hits="0"/><line number="273" hits="0"/><line number="274" hits="0"/><line number="275" hits="0"/><line number="276" hits="0"/><line number="279" hits="0"/><line number="280" hits="0"/></lines></class></classes></package></packages></coverage>